gpasm-1.4.0 #1106 (Oct  6 2014) obj\Debug\cou   7-8-2020  23:39:24          PAGE  1


LOC    OBJECT CODE    LINE  SOURCE TEXT
  VALUE

                      00001 ;--------------------------------------------------------
                      00002 ; File Created by SDCC : free open source ANSI-C Compiler
                      00003 ; Version 3.5.0 #9253 (Jun 20 2015) (MINGW32)
                      00004 ; This file was generated Wed Jul 08 23:39:24 2020
                      00005 ;--------------------------------------------------------
                      00006 ; PIC port for the 14-bit core
                      00007 ;--------------------------------------------------------
                      00008         .file   "counter.c"
                      00009         list    p=16f877a
                      00010         radix dec
                      00011         include "p16f877a.inc"
                      00001         LIST
                      00002 
                      00003 ;==========================================================================
                      00004 ; Build date : Aug 07 2014
                      00005 ;  MPASM PIC16F877A processor include
                      00006 ; 
                      00007 ;  (c) Copyright 1999-2014 Microchip Technology, All rights reserved
                      00008 ;==========================================================================
                      00009 
                      00567         LIST
                      00012 ;--------------------------------------------------------
                      00013 ; external declarations
                      00014 ;--------------------------------------------------------
  0000                00015         extern  _SSD_Init
  0000                00016         extern  _SSD_Update
  0000                00017         extern  _SSD_SetState
  0000                00018         extern  _SSD_SetSymbol
  0000                00019         extern  _PB_Init
  0000                00020         extern  _PB_Update
  0000                00021         extern  _PB_GetState
  0000                00022         extern  __divuint
  0000                00023         extern  __moduint
                      00024 
  0000                00025         extern PSAVE
  0000                00026         extern SSAVE
  0000                00027         extern WSAVE
  0000                00028         extern STK12
  0000                00029         extern STK11
  0000                00030         extern STK10
  0000                00031         extern STK09
  0000                00032         extern STK08
  0000                00033         extern STK07
  0000                00034         extern STK06
  0000                00035         extern STK05
  0000                00036         extern STK04
  0000                00037         extern STK03
  0000                00038         extern STK02
  0000                00039         extern STK01
  0000                00040         extern STK00
                      00041 ;--------------------------------------------------------
                      00042 ; global declarations
                      00043 ;--------------------------------------------------------
gpasm-1.4.0 #1106 (Oct  6 2014) obj\Debug\cou   7-8-2020  23:39:24          PAGE  2


LOC    OBJECT CODE    LINE  SOURCE TEXT
  VALUE

  0000                00044         global  _CNT_Setcount
  0000                00045         global  _CNT_Update
  0000                00046         global  _CNT_Init
                      00047 
                      00048 ;--------------------------------------------------------
                      00049 ; global definitions
                      00050 ;--------------------------------------------------------
                      00051 ;--------------------------------------------------------
                      00052 ; absolute symbol definitions
                      00053 ;--------------------------------------------------------
                      00054 ;--------------------------------------------------------
                      00055 ; compiler-defined variables
                      00056 ;--------------------------------------------------------
                      00057 UDL_counter_0   udata
0000                  00058 r0x1007 res     1
0001                  00059 r0x1003 res     1
0002                  00060 r0x1002 res     1
0003                  00061 r0x1005 res     1
0004                  00062 r0x1004 res     1
0005                  00063 r0x1006 res     1
                      00064 ;--------------------------------------------------------
                      00065 ; initialized data
                      00066 ;--------------------------------------------------------
                      00067 
                      00068 ID_counter_0    idata
0000                  00069 _counter
0000   00 00          00070         db      0x00, 0x00
                      00071 
                      00072 ;--------------------------------------------------------
                      00073 ; overlayable items in internal ram 
                      00074 ;--------------------------------------------------------
                      00075 ;       udata_ovr
                      00076 ;--------------------------------------------------------
                      00077 ; code
                      00078 ;--------------------------------------------------------
                      00079 code_counter    code
                      00080 ;***
                      00081 ;  pBlock Stats: dbName = C
                      00082 ;***
                      00083 ;entry:  _CNT_Setcount  ;Function start
                      00084 ; 2 exit points
                      00085 ;has an exit
                      00086 ;functions called:
                      00087 ;   __divuint
                      00088 ;   _SSD_SetSymbol
                      00089 ;   __moduint
                      00090 ;   __divuint
                      00091 ;   _SSD_SetSymbol
                      00092 ;   __moduint
                      00093 ;   __divuint
                      00094 ;   _SSD_SetSymbol
                      00095 ;   __moduint
                      00096 ;   _SSD_SetSymbol
gpasm-1.4.0 #1106 (Oct  6 2014) obj\Debug\cou   7-8-2020  23:39:24          PAGE  3


LOC    OBJECT CODE    LINE  SOURCE TEXT
  VALUE

                      00097 ;   __divuint
                      00098 ;   _SSD_SetSymbol
                      00099 ;   __moduint
                      00100 ;   __divuint
                      00101 ;   _SSD_SetSymbol
                      00102 ;   __moduint
                      00103 ;   __divuint
                      00104 ;   _SSD_SetSymbol
                      00105 ;   __moduint
                      00106 ;   _SSD_SetSymbol
                      00107 ;8 compiler assigned registers:
                      00108 ;   r0x1002
                      00109 ;   STK00
                      00110 ;   r0x1003
                      00111 ;   STK02
                      00112 ;   STK01
                      00113 ;   r0x1004
                      00114 ;   r0x1005
                      00115 ;   r0x1006
                      00116 ;; Starting pCode block
                      00117 ;;; /home/sdcc-builder/build/sdcc-build/orig/sdcc/src/pic14/gen.c:2316:resultRemat *{*
                      00118 ;;; /home/sdcc-builder/build/sdcc-build/orig/sdcc/src/pic14/gen.c:2760:genLabel *{*
                      00119 ;; ***  genLabel  2763
                      00120 ;;; /home/sdcc-builder/build/sdcc-build/orig/sdcc/src/pic14/gen.c:2316:resultRemat *{*
                      00121 ;;; /home/sdcc-builder/build/sdcc-build/orig/sdcc/src/pic14/gen.c:2340:genFunction *{*
                      00122 ;; ***  genFunction  2342 curr label offset=8previous max_key=19 
0000                  00123 _CNT_Setcount   ;Function start
                      00124 ; 2 exit points
                      00125 ;;; /home/sdcc-builder/build/sdcc-build/orig/sdcc/src/pic14/gen.c:2316:resultRemat *{*
                      00126 ;;; /home/sdcc-builder/build/sdcc-build/orig/sdcc/src/pic14/gen.c:7358:genReceive *{*
                      00127 ;; ***  genReceive  7359
                      00128 ;;      694 register type nRegs=2
                      00129 ;;; /home/sdcc-builder/build/sdcc-build/orig/sdcc/src/pic14/gen.c:1907:assignResultValue *{*
                      00130 ;; ***  assignResultValue  1909
                      00131 ;;      line = 1911 result -=-, size=0, left AOP_REG=r0x104A, size=2, right -=-, size=0
                      00132 ;; >>> /home/sdcc-builder/build/sdcc-build/orig/sdcc/src/pic14/gen.c:1393:movwf
                      00133 ;;      1109 rIdx = r0x104B 
                      00134         .line   27; "counter.c" void CNT_Setcount(unsigned int cnt)
0000   ???? ????      00135         BANKSEL r0x1002
0002   00??           00136         MOVWF   r0x1002
                      00137 ;; >>> /home/sdcc-builder/build/sdcc-build/orig/sdcc/src/pic14/gen.c:1423:get_returnvalue
                      00138 ;; ***  popRegFromIdx,1042  , rIdx=0x7f
0003   08??           00139         MOVF    STK00,W
                      00140 ;; >>> /home/sdcc-builder/build/sdcc-build/orig/sdcc/src/pic14/gen.c:1393:movwf
                      00141 ;;      1109 rIdx = r0x104A 
0004   00??           00142         MOVWF   r0x1003
                      00143 ;;; /home/sdcc-builder/build/sdcc-build/orig/sdcc/src/pic14/gen.c:2316:resultRemat *{*
                      00144 ;;; /home/sdcc-builder/build/sdcc-build/orig/sdcc/src/pic14/gen.c:2316:resultRemat *{*
                      00145 ;;; /home/sdcc-builder/build/sdcc-build/orig/sdcc/src/pic14/gen.c:2316:resultRemat *{*
                      00146 ;;; /home/sdcc-builder/build/sdcc-build/orig/sdcc/src/pic14/gen.c:2086:genCall *{*
                      00147 ;; ***  genCall  2088
                      00148 ;;; /home/sdcc-builder/build/sdcc-build/orig/sdcc/src/pic14/gen.c:1801:saveRegisters *{*
                      00149 ;; ***  saveRegisters  1803
gpasm-1.4.0 #1106 (Oct  6 2014) obj\Debug\cou   7-8-2020  23:39:24          PAGE  4


LOC    OBJECT CODE    LINE  SOURCE TEXT
  VALUE

                      00150 ;;      694 register type nRegs=2
                      00151 ;;      2135 left AOP_LIT
                      00152 ;;; /home/sdcc-builder/build/sdcc-build/orig/sdcc/src/pic14/gen.c:1343:mov2w_op *{*
                      00153 ;; >>> /home/sdcc-builder/build/sdcc-build/orig/sdcc/src/pic14/gen.c:1361:mov2w_op
                      00154         .line   29; "counter.c" SSD_SetSymbol(SSD_L , ( cnt / 1000) );
0005   30E8           00155         MOVLW   0xe8
                      00156 ;;      2135 left AOP_LIT
                      00157 ;; >>> /home/sdcc-builder/build/sdcc-build/orig/sdcc/src/pic14/gen.c:2143:genCall
                      00158 ;; ***  popRegFromIdx,1042  , rIdx=0x7d
0006   00??           00159         MOVWF   STK02
                      00160 ;;; /home/sdcc-builder/build/sdcc-build/orig/sdcc/src/pic14/gen.c:1343:mov2w_op *{*
                      00161 ;; >>> /home/sdcc-builder/build/sdcc-build/orig/sdcc/src/pic14/gen.c:1361:mov2w_op
0007   3003           00162         MOVLW   0x03
                      00163 ;;      694 register type nRegs=2
                      00164 ;;      2135 left AOP_REG
                      00165 ;; >>> /home/sdcc-builder/build/sdcc-build/orig/sdcc/src/pic14/gen.c:2143:genCall
                      00166 ;; ***  popRegFromIdx,1042  , rIdx=0x7e
0008   00??           00167         MOVWF   STK01
                      00168 ;;; /home/sdcc-builder/build/sdcc-build/orig/sdcc/src/pic14/gen.c:1343:mov2w_op *{*
                      00169 ;; ***  mov2w  1381  offset=0
                      00170 ;; >>> /home/sdcc-builder/build/sdcc-build/orig/sdcc/src/pic14/gen.c:1386:mov2w
                      00171 ;;      1109 rIdx = r0x104A 
0009   08??           00172         MOVF    r0x1003,W
                      00173 ;;      2135 left AOP_REG
                      00174 ;; >>> /home/sdcc-builder/build/sdcc-build/orig/sdcc/src/pic14/gen.c:2143:genCall
                      00175 ;; ***  popRegFromIdx,1042  , rIdx=0x7f
000A   00??           00176         MOVWF   STK00
                      00177 ;;; /home/sdcc-builder/build/sdcc-build/orig/sdcc/src/pic14/gen.c:1343:mov2w_op *{*
                      00178 ;; ***  mov2w  1381  offset=1
                      00179 ;; >>> /home/sdcc-builder/build/sdcc-build/orig/sdcc/src/pic14/gen.c:1386:mov2w
                      00180 ;;      1109 rIdx = r0x104B 
000B   08??           00181         MOVF    r0x1002,W
                      00182 ;; >>> /home/sdcc-builder/build/sdcc-build/orig/sdcc/src/pic14/gen.c:2173:genCall
000C   ???? ????      00183         PAGESEL __divuint
                      00184 ;; >>> /home/sdcc-builder/build/sdcc-build/orig/sdcc/src/pic14/gen.c:2175:genCall
000E   2???           00185         CALL    __divuint
                      00186 ;; >>> /home/sdcc-builder/build/sdcc-build/orig/sdcc/src/pic14/gen.c:2181:genCall
000F   ???? ????      00187         PAGESEL $
                      00188 ;;      694 register type nRegs=2
                      00189 ;;; /home/sdcc-builder/build/sdcc-build/orig/sdcc/src/pic14/gen.c:1907:assignResultValue *{*
                      00190 ;; ***  assignResultValue  1909
                      00191 ;;      line = 1911 result -=-, size=0, left AOP_REG=r0x104C, size=2, right -=-, size=0
                      00192 ;; >>> /home/sdcc-builder/build/sdcc-build/orig/sdcc/src/pic14/gen.c:1393:movwf
                      00193 ;;      1109 rIdx = r0x104D 
0011   ???? ????      00194         BANKSEL r0x1004
0013   00??           00195         MOVWF   r0x1004
                      00196 ;; >>> /home/sdcc-builder/build/sdcc-build/orig/sdcc/src/pic14/gen.c:1423:get_returnvalue
                      00197 ;; ***  popRegFromIdx,1042  , rIdx=0x7f
0014   08??           00198         MOVF    STK00,W
                      00199 ;; >>> /home/sdcc-builder/build/sdcc-build/orig/sdcc/src/pic14/gen.c:1393:movwf
                      00200 ;;      1109 rIdx = r0x104C 
0015   00??           00201         MOVWF   r0x1005
0016   00??           00202         MOVWF   r0x1006
gpasm-1.4.0 #1106 (Oct  6 2014) obj\Debug\cou   7-8-2020  23:39:24          PAGE  5


LOC    OBJECT CODE    LINE  SOURCE TEXT
  VALUE

0017   00??           00203         MOVWF   STK00
                      00204 ;;; /home/sdcc-builder/build/sdcc-build/orig/sdcc/src/pic14/gen.c:1343:mov2w_op *{*
                      00205 ;; >>> /home/sdcc-builder/build/sdcc-build/orig/sdcc/src/pic14/gen.c:1361:mov2w_op
0018   3000           00206         MOVLW   0x00
                      00207 ;; >>> /home/sdcc-builder/build/sdcc-build/orig/sdcc/src/pic14/gen.c:2173:genCall
0019   ???? ????      00208         PAGESEL _SSD_SetSymbol
                      00209 ;; >>> /home/sdcc-builder/build/sdcc-build/orig/sdcc/src/pic14/gen.c:2175:genCall
001B   2???           00210         CALL    _SSD_SetSymbol
                      00211 ;; >>> /home/sdcc-builder/build/sdcc-build/orig/sdcc/src/pic14/gen.c:2181:genCall
001C   ???? ????      00212         PAGESEL $
                      00213 ;;; /home/sdcc-builder/build/sdcc-build/orig/sdcc/src/pic14/gen.c:1845:unsaveRegisters *{*
                      00214 ;; ***  unsaveRegisters  1847
                      00215 ;;; /home/sdcc-builder/build/sdcc-build/orig/sdcc/src/pic14/gen.c:2316:resultRemat *{*
                      00216 ;;; /home/sdcc-builder/build/sdcc-build/orig/sdcc/src/pic14/gen.c:2316:resultRemat *{*
                      00217 ;;; /home/sdcc-builder/build/sdcc-build/orig/sdcc/src/pic14/gen.c:2316:resultRemat *{*
                      00218 ;;; /home/sdcc-builder/build/sdcc-build/orig/sdcc/src/pic14/gen.c:2086:genCall *{*
                      00219 ;; ***  genCall  2088
                      00220 ;;; /home/sdcc-builder/build/sdcc-build/orig/sdcc/src/pic14/gen.c:1801:saveRegisters *{*
                      00221 ;; ***  saveRegisters  1803
                      00222 ;;      694 register type nRegs=2
                      00223 ;;      2135 left AOP_LIT
                      00224 ;;; /home/sdcc-builder/build/sdcc-build/orig/sdcc/src/pic14/gen.c:1343:mov2w_op *{*
                      00225 ;; >>> /home/sdcc-builder/build/sdcc-build/orig/sdcc/src/pic14/gen.c:1361:mov2w_op
                      00226         .line   30; "counter.c" SSD_SetSymbol(SSD_M , ((cnt %1000)/100) );
001E   30E8           00227         MOVLW   0xe8
                      00228 ;;      2135 left AOP_LIT
                      00229 ;; >>> /home/sdcc-builder/build/sdcc-build/orig/sdcc/src/pic14/gen.c:2143:genCall
                      00230 ;; ***  popRegFromIdx,1042  , rIdx=0x7d
001F   00??           00231         MOVWF   STK02
                      00232 ;;; /home/sdcc-builder/build/sdcc-build/orig/sdcc/src/pic14/gen.c:1343:mov2w_op *{*
                      00233 ;; >>> /home/sdcc-builder/build/sdcc-build/orig/sdcc/src/pic14/gen.c:1361:mov2w_op
0020   3003           00234         MOVLW   0x03
                      00235 ;;      694 register type nRegs=2
                      00236 ;;      2135 left AOP_REG
                      00237 ;; >>> /home/sdcc-builder/build/sdcc-build/orig/sdcc/src/pic14/gen.c:2143:genCall
                      00238 ;; ***  popRegFromIdx,1042  , rIdx=0x7e
0021   00??           00239         MOVWF   STK01
                      00240 ;;; /home/sdcc-builder/build/sdcc-build/orig/sdcc/src/pic14/gen.c:1343:mov2w_op *{*
                      00241 ;; ***  mov2w  1381  offset=0
                      00242 ;; >>> /home/sdcc-builder/build/sdcc-build/orig/sdcc/src/pic14/gen.c:1386:mov2w
                      00243 ;;      1109 rIdx = r0x104A 
0022   ???? ????      00244         BANKSEL r0x1003
0024   08??           00245         MOVF    r0x1003,W
                      00246 ;;      2135 left AOP_REG
                      00247 ;; >>> /home/sdcc-builder/build/sdcc-build/orig/sdcc/src/pic14/gen.c:2143:genCall
                      00248 ;; ***  popRegFromIdx,1042  , rIdx=0x7f
0025   00??           00249         MOVWF   STK00
                      00250 ;;; /home/sdcc-builder/build/sdcc-build/orig/sdcc/src/pic14/gen.c:1343:mov2w_op *{*
                      00251 ;; ***  mov2w  1381  offset=1
                      00252 ;; >>> /home/sdcc-builder/build/sdcc-build/orig/sdcc/src/pic14/gen.c:1386:mov2w
                      00253 ;;      1109 rIdx = r0x104B 
0026   08??           00254         MOVF    r0x1002,W
                      00255 ;; >>> /home/sdcc-builder/build/sdcc-build/orig/sdcc/src/pic14/gen.c:2173:genCall
gpasm-1.4.0 #1106 (Oct  6 2014) obj\Debug\cou   7-8-2020  23:39:24          PAGE  6


LOC    OBJECT CODE    LINE  SOURCE TEXT
  VALUE

0027   ???? ????      00256         PAGESEL __moduint
                      00257 ;; >>> /home/sdcc-builder/build/sdcc-build/orig/sdcc/src/pic14/gen.c:2175:genCall
0029   2???           00258         CALL    __moduint
                      00259 ;; >>> /home/sdcc-builder/build/sdcc-build/orig/sdcc/src/pic14/gen.c:2181:genCall
002A   ???? ????      00260         PAGESEL $
                      00261 ;;      694 register type nRegs=2
                      00262 ;;; /home/sdcc-builder/build/sdcc-build/orig/sdcc/src/pic14/gen.c:1907:assignResultValue *{*
                      00263 ;; ***  assignResultValue  1909
                      00264 ;;      line = 1911 result -=-, size=0, left AOP_REG=r0x104C, size=2, right -=-, size=0
                      00265 ;; >>> /home/sdcc-builder/build/sdcc-build/orig/sdcc/src/pic14/gen.c:1393:movwf
                      00266 ;;      1109 rIdx = r0x104D 
002C   ???? ????      00267         BANKSEL r0x1004
002E   00??           00268         MOVWF   r0x1004
                      00269 ;; >>> /home/sdcc-builder/build/sdcc-build/orig/sdcc/src/pic14/gen.c:1423:get_returnvalue
                      00270 ;; ***  popRegFromIdx,1042  , rIdx=0x7f
002F   08??           00271         MOVF    STK00,W
                      00272 ;; >>> /home/sdcc-builder/build/sdcc-build/orig/sdcc/src/pic14/gen.c:1393:movwf
                      00273 ;;      1109 rIdx = r0x104C 
0030   00??           00274         MOVWF   r0x1005
                      00275 ;;      2195 left AOP_REG
                      00276 ;;; /home/sdcc-builder/build/sdcc-build/orig/sdcc/src/pic14/gen.c:1845:unsaveRegisters *{*
                      00277 ;; ***  unsaveRegisters  1847
                      00278 ;;; /home/sdcc-builder/build/sdcc-build/orig/sdcc/src/pic14/gen.c:2316:resultRemat *{*
                      00279 ;;; /home/sdcc-builder/build/sdcc-build/orig/sdcc/src/pic14/gen.c:2316:resultRemat *{*
                      00280 ;;; /home/sdcc-builder/build/sdcc-build/orig/sdcc/src/pic14/gen.c:2316:resultRemat *{*
                      00281 ;;; /home/sdcc-builder/build/sdcc-build/orig/sdcc/src/pic14/gen.c:2086:genCall *{*
                      00282 ;; ***  genCall  2088
                      00283 ;;; /home/sdcc-builder/build/sdcc-build/orig/sdcc/src/pic14/gen.c:1801:saveRegisters *{*
                      00284 ;; ***  saveRegisters  1803
                      00285 ;;      694 register type nRegs=2
                      00286 ;;      2135 left AOP_LIT
                      00287 ;;; /home/sdcc-builder/build/sdcc-build/orig/sdcc/src/pic14/gen.c:1343:mov2w_op *{*
                      00288 ;; >>> /home/sdcc-builder/build/sdcc-build/orig/sdcc/src/pic14/gen.c:1361:mov2w_op
0031   3064           00289         MOVLW   0x64
                      00290 ;;      2135 left AOP_LIT
                      00291 ;; >>> /home/sdcc-builder/build/sdcc-build/orig/sdcc/src/pic14/gen.c:2143:genCall
                      00292 ;; ***  popRegFromIdx,1042  , rIdx=0x7d
0032   00??           00293         MOVWF   STK02
                      00294 ;;; /home/sdcc-builder/build/sdcc-build/orig/sdcc/src/pic14/gen.c:1343:mov2w_op *{*
                      00295 ;; >>> /home/sdcc-builder/build/sdcc-build/orig/sdcc/src/pic14/gen.c:1361:mov2w_op
0033   3000           00296         MOVLW   0x00
                      00297 ;;      694 register type nRegs=2
                      00298 ;;      2135 left AOP_REG
                      00299 ;; >>> /home/sdcc-builder/build/sdcc-build/orig/sdcc/src/pic14/gen.c:2143:genCall
                      00300 ;; ***  popRegFromIdx,1042  , rIdx=0x7e
0034   00??           00301         MOVWF   STK01
                      00302 ;;; /home/sdcc-builder/build/sdcc-build/orig/sdcc/src/pic14/gen.c:1343:mov2w_op *{*
                      00303 ;; ***  mov2w  1381  offset=0
                      00304 ;; >>> /home/sdcc-builder/build/sdcc-build/orig/sdcc/src/pic14/gen.c:1386:mov2w
                      00305 ;;      1109 rIdx = r0x104C 
0035   08??           00306         MOVF    r0x1005,W
                      00307 ;;      2135 left AOP_REG
                      00308 ;; >>> /home/sdcc-builder/build/sdcc-build/orig/sdcc/src/pic14/gen.c:2143:genCall
gpasm-1.4.0 #1106 (Oct  6 2014) obj\Debug\cou   7-8-2020  23:39:24          PAGE  7


LOC    OBJECT CODE    LINE  SOURCE TEXT
  VALUE

                      00309 ;; ***  popRegFromIdx,1042  , rIdx=0x7f
0036   00??           00310         MOVWF   STK00
                      00311 ;;; /home/sdcc-builder/build/sdcc-build/orig/sdcc/src/pic14/gen.c:1343:mov2w_op *{*
                      00312 ;; ***  mov2w  1381  offset=1
                      00313 ;; >>> /home/sdcc-builder/build/sdcc-build/orig/sdcc/src/pic14/gen.c:1386:mov2w
                      00314 ;;      1109 rIdx = r0x104D 
0037   08??           00315         MOVF    r0x1004,W
                      00316 ;; >>> /home/sdcc-builder/build/sdcc-build/orig/sdcc/src/pic14/gen.c:2173:genCall
0038   ???? ????      00317         PAGESEL __divuint
                      00318 ;; >>> /home/sdcc-builder/build/sdcc-build/orig/sdcc/src/pic14/gen.c:2175:genCall
003A   2???           00319         CALL    __divuint
                      00320 ;; >>> /home/sdcc-builder/build/sdcc-build/orig/sdcc/src/pic14/gen.c:2181:genCall
003B   ???? ????      00321         PAGESEL $
                      00322 ;;      694 register type nRegs=2
                      00323 ;;; /home/sdcc-builder/build/sdcc-build/orig/sdcc/src/pic14/gen.c:1907:assignResultValue *{*
                      00324 ;; ***  assignResultValue  1909
                      00325 ;;      line = 1911 result -=-, size=0, left AOP_REG=r0x104C, size=2, right -=-, size=0
                      00326 ;; >>> /home/sdcc-builder/build/sdcc-build/orig/sdcc/src/pic14/gen.c:1393:movwf
                      00327 ;;      1109 rIdx = r0x104D 
003D   ???? ????      00328         BANKSEL r0x1004
003F   00??           00329         MOVWF   r0x1004
                      00330 ;; >>> /home/sdcc-builder/build/sdcc-build/orig/sdcc/src/pic14/gen.c:1423:get_returnvalue
                      00331 ;; ***  popRegFromIdx,1042  , rIdx=0x7f
0040   08??           00332         MOVF    STK00,W
                      00333 ;; >>> /home/sdcc-builder/build/sdcc-build/orig/sdcc/src/pic14/gen.c:1393:movwf
                      00334 ;;      1109 rIdx = r0x104C 
0041   00??           00335         MOVWF   r0x1005
0042   00??           00336         MOVWF   r0x1006
0043   00??           00337         MOVWF   STK00
                      00338 ;;; /home/sdcc-builder/build/sdcc-build/orig/sdcc/src/pic14/gen.c:1343:mov2w_op *{*
                      00339 ;; >>> /home/sdcc-builder/build/sdcc-build/orig/sdcc/src/pic14/gen.c:1361:mov2w_op
0044   3001           00340         MOVLW   0x01
                      00341 ;; >>> /home/sdcc-builder/build/sdcc-build/orig/sdcc/src/pic14/gen.c:2173:genCall
0045   ???? ????      00342         PAGESEL _SSD_SetSymbol
                      00343 ;; >>> /home/sdcc-builder/build/sdcc-build/orig/sdcc/src/pic14/gen.c:2175:genCall
0047   2???           00344         CALL    _SSD_SetSymbol
                      00345 ;; >>> /home/sdcc-builder/build/sdcc-build/orig/sdcc/src/pic14/gen.c:2181:genCall
0048   ???? ????      00346         PAGESEL $
                      00347 ;;; /home/sdcc-builder/build/sdcc-build/orig/sdcc/src/pic14/gen.c:1845:unsaveRegisters *{*
                      00348 ;; ***  unsaveRegisters  1847
                      00349 ;;; /home/sdcc-builder/build/sdcc-build/orig/sdcc/src/pic14/gen.c:2316:resultRemat *{*
                      00350 ;;; /home/sdcc-builder/build/sdcc-build/orig/sdcc/src/pic14/gen.c:2316:resultRemat *{*
                      00351 ;;; /home/sdcc-builder/build/sdcc-build/orig/sdcc/src/pic14/gen.c:2316:resultRemat *{*
                      00352 ;;; /home/sdcc-builder/build/sdcc-build/orig/sdcc/src/pic14/gen.c:2086:genCall *{*
                      00353 ;; ***  genCall  2088
                      00354 ;;; /home/sdcc-builder/build/sdcc-build/orig/sdcc/src/pic14/gen.c:1801:saveRegisters *{*
                      00355 ;; ***  saveRegisters  1803
                      00356 ;;      694 register type nRegs=2
                      00357 ;;      2135 left AOP_LIT
                      00358 ;;; /home/sdcc-builder/build/sdcc-build/orig/sdcc/src/pic14/gen.c:1343:mov2w_op *{*
                      00359 ;; >>> /home/sdcc-builder/build/sdcc-build/orig/sdcc/src/pic14/gen.c:1361:mov2w_op
                      00360         .line   31; "counter.c" SSD_SetSymbol(SSD_N , ((cnt %100)/10) );
004A   3064           00361         MOVLW   0x64
gpasm-1.4.0 #1106 (Oct  6 2014) obj\Debug\cou   7-8-2020  23:39:24          PAGE  8


LOC    OBJECT CODE    LINE  SOURCE TEXT
  VALUE

                      00362 ;;      2135 left AOP_LIT
                      00363 ;; >>> /home/sdcc-builder/build/sdcc-build/orig/sdcc/src/pic14/gen.c:2143:genCall
                      00364 ;; ***  popRegFromIdx,1042  , rIdx=0x7d
004B   00??           00365         MOVWF   STK02
                      00366 ;;; /home/sdcc-builder/build/sdcc-build/orig/sdcc/src/pic14/gen.c:1343:mov2w_op *{*
                      00367 ;; >>> /home/sdcc-builder/build/sdcc-build/orig/sdcc/src/pic14/gen.c:1361:mov2w_op
004C   3000           00368         MOVLW   0x00
                      00369 ;;      694 register type nRegs=2
                      00370 ;;      2135 left AOP_REG
                      00371 ;; >>> /home/sdcc-builder/build/sdcc-build/orig/sdcc/src/pic14/gen.c:2143:genCall
                      00372 ;; ***  popRegFromIdx,1042  , rIdx=0x7e
004D   00??           00373         MOVWF   STK01
                      00374 ;;; /home/sdcc-builder/build/sdcc-build/orig/sdcc/src/pic14/gen.c:1343:mov2w_op *{*
                      00375 ;; ***  mov2w  1381  offset=0
                      00376 ;; >>> /home/sdcc-builder/build/sdcc-build/orig/sdcc/src/pic14/gen.c:1386:mov2w
                      00377 ;;      1109 rIdx = r0x104A 
004E   ???? ????      00378         BANKSEL r0x1003
0050   08??           00379         MOVF    r0x1003,W
                      00380 ;;      2135 left AOP_REG
                      00381 ;; >>> /home/sdcc-builder/build/sdcc-build/orig/sdcc/src/pic14/gen.c:2143:genCall
                      00382 ;; ***  popRegFromIdx,1042  , rIdx=0x7f
0051   00??           00383         MOVWF   STK00
                      00384 ;;; /home/sdcc-builder/build/sdcc-build/orig/sdcc/src/pic14/gen.c:1343:mov2w_op *{*
                      00385 ;; ***  mov2w  1381  offset=1
                      00386 ;; >>> /home/sdcc-builder/build/sdcc-build/orig/sdcc/src/pic14/gen.c:1386:mov2w
                      00387 ;;      1109 rIdx = r0x104B 
0052   08??           00388         MOVF    r0x1002,W
                      00389 ;; >>> /home/sdcc-builder/build/sdcc-build/orig/sdcc/src/pic14/gen.c:2173:genCall
0053   ???? ????      00390         PAGESEL __moduint
                      00391 ;; >>> /home/sdcc-builder/build/sdcc-build/orig/sdcc/src/pic14/gen.c:2175:genCall
0055   2???           00392         CALL    __moduint
                      00393 ;; >>> /home/sdcc-builder/build/sdcc-build/orig/sdcc/src/pic14/gen.c:2181:genCall
0056   ???? ????      00394         PAGESEL $
                      00395 ;;      694 register type nRegs=2
                      00396 ;;; /home/sdcc-builder/build/sdcc-build/orig/sdcc/src/pic14/gen.c:1907:assignResultValue *{*
                      00397 ;; ***  assignResultValue  1909
                      00398 ;;      line = 1911 result -=-, size=0, left AOP_REG=r0x104C, size=2, right -=-, size=0
                      00399 ;; >>> /home/sdcc-builder/build/sdcc-build/orig/sdcc/src/pic14/gen.c:1393:movwf
                      00400 ;;      1109 rIdx = r0x104D 
0058   ???? ????      00401         BANKSEL r0x1004
005A   00??           00402         MOVWF   r0x1004
                      00403 ;; >>> /home/sdcc-builder/build/sdcc-build/orig/sdcc/src/pic14/gen.c:1423:get_returnvalue
                      00404 ;; ***  popRegFromIdx,1042  , rIdx=0x7f
005B   08??           00405         MOVF    STK00,W
                      00406 ;; >>> /home/sdcc-builder/build/sdcc-build/orig/sdcc/src/pic14/gen.c:1393:movwf
                      00407 ;;      1109 rIdx = r0x104C 
005C   00??           00408         MOVWF   r0x1005
                      00409 ;;      2195 left AOP_REG
                      00410 ;;; /home/sdcc-builder/build/sdcc-build/orig/sdcc/src/pic14/gen.c:1845:unsaveRegisters *{*
                      00411 ;; ***  unsaveRegisters  1847
                      00412 ;;; /home/sdcc-builder/build/sdcc-build/orig/sdcc/src/pic14/gen.c:2316:resultRemat *{*
                      00413 ;;; /home/sdcc-builder/build/sdcc-build/orig/sdcc/src/pic14/gen.c:2316:resultRemat *{*
                      00414 ;;; /home/sdcc-builder/build/sdcc-build/orig/sdcc/src/pic14/gen.c:2316:resultRemat *{*
gpasm-1.4.0 #1106 (Oct  6 2014) obj\Debug\cou   7-8-2020  23:39:24          PAGE  9


LOC    OBJECT CODE    LINE  SOURCE TEXT
  VALUE

                      00415 ;;; /home/sdcc-builder/build/sdcc-build/orig/sdcc/src/pic14/gen.c:2086:genCall *{*
                      00416 ;; ***  genCall  2088
                      00417 ;;; /home/sdcc-builder/build/sdcc-build/orig/sdcc/src/pic14/gen.c:1801:saveRegisters *{*
                      00418 ;; ***  saveRegisters  1803
                      00419 ;;      694 register type nRegs=2
                      00420 ;;      2135 left AOP_LIT
                      00421 ;;; /home/sdcc-builder/build/sdcc-build/orig/sdcc/src/pic14/gen.c:1343:mov2w_op *{*
                      00422 ;; >>> /home/sdcc-builder/build/sdcc-build/orig/sdcc/src/pic14/gen.c:1361:mov2w_op
005D   300A           00423         MOVLW   0x0a
                      00424 ;;      2135 left AOP_LIT
                      00425 ;; >>> /home/sdcc-builder/build/sdcc-build/orig/sdcc/src/pic14/gen.c:2143:genCall
                      00426 ;; ***  popRegFromIdx,1042  , rIdx=0x7d
005E   00??           00427         MOVWF   STK02
                      00428 ;;; /home/sdcc-builder/build/sdcc-build/orig/sdcc/src/pic14/gen.c:1343:mov2w_op *{*
                      00429 ;; >>> /home/sdcc-builder/build/sdcc-build/orig/sdcc/src/pic14/gen.c:1361:mov2w_op
005F   3000           00430         MOVLW   0x00
                      00431 ;;      694 register type nRegs=2
                      00432 ;;      2135 left AOP_REG
                      00433 ;; >>> /home/sdcc-builder/build/sdcc-build/orig/sdcc/src/pic14/gen.c:2143:genCall
                      00434 ;; ***  popRegFromIdx,1042  , rIdx=0x7e
0060   00??           00435         MOVWF   STK01
                      00436 ;;; /home/sdcc-builder/build/sdcc-build/orig/sdcc/src/pic14/gen.c:1343:mov2w_op *{*
                      00437 ;; ***  mov2w  1381  offset=0
                      00438 ;; >>> /home/sdcc-builder/build/sdcc-build/orig/sdcc/src/pic14/gen.c:1386:mov2w
                      00439 ;;      1109 rIdx = r0x104C 
0061   08??           00440         MOVF    r0x1005,W
                      00441 ;;      2135 left AOP_REG
                      00442 ;; >>> /home/sdcc-builder/build/sdcc-build/orig/sdcc/src/pic14/gen.c:2143:genCall
                      00443 ;; ***  popRegFromIdx,1042  , rIdx=0x7f
0062   00??           00444         MOVWF   STK00
                      00445 ;;; /home/sdcc-builder/build/sdcc-build/orig/sdcc/src/pic14/gen.c:1343:mov2w_op *{*
                      00446 ;; ***  mov2w  1381  offset=1
                      00447 ;; >>> /home/sdcc-builder/build/sdcc-build/orig/sdcc/src/pic14/gen.c:1386:mov2w
                      00448 ;;      1109 rIdx = r0x104D 
0063   08??           00449         MOVF    r0x1004,W
                      00450 ;; >>> /home/sdcc-builder/build/sdcc-build/orig/sdcc/src/pic14/gen.c:2173:genCall
0064   ???? ????      00451         PAGESEL __divuint
                      00452 ;; >>> /home/sdcc-builder/build/sdcc-build/orig/sdcc/src/pic14/gen.c:2175:genCall
0066   2???           00453         CALL    __divuint
                      00454 ;; >>> /home/sdcc-builder/build/sdcc-build/orig/sdcc/src/pic14/gen.c:2181:genCall
0067   ???? ????      00455         PAGESEL $
                      00456 ;;      694 register type nRegs=2
                      00457 ;;; /home/sdcc-builder/build/sdcc-build/orig/sdcc/src/pic14/gen.c:1907:assignResultValue *{*
                      00458 ;; ***  assignResultValue  1909
                      00459 ;;      line = 1911 result -=-, size=0, left AOP_REG=r0x104C, size=2, right -=-, size=0
                      00460 ;; >>> /home/sdcc-builder/build/sdcc-build/orig/sdcc/src/pic14/gen.c:1393:movwf
                      00461 ;;      1109 rIdx = r0x104D 
0069   ???? ????      00462         BANKSEL r0x1004
006B   00??           00463         MOVWF   r0x1004
                      00464 ;; >>> /home/sdcc-builder/build/sdcc-build/orig/sdcc/src/pic14/gen.c:1423:get_returnvalue
                      00465 ;; ***  popRegFromIdx,1042  , rIdx=0x7f
006C   08??           00466         MOVF    STK00,W
                      00467 ;; >>> /home/sdcc-builder/build/sdcc-build/orig/sdcc/src/pic14/gen.c:1393:movwf
gpasm-1.4.0 #1106 (Oct  6 2014) obj\Debug\cou   7-8-2020  23:39:24          PAGE 10


LOC    OBJECT CODE    LINE  SOURCE TEXT
  VALUE

                      00468 ;;      1109 rIdx = r0x104C 
006D   00??           00469         MOVWF   r0x1005
006E   00??           00470         MOVWF   r0x1006
006F   00??           00471         MOVWF   STK00
                      00472 ;;; /home/sdcc-builder/build/sdcc-build/orig/sdcc/src/pic14/gen.c:1343:mov2w_op *{*
                      00473 ;; >>> /home/sdcc-builder/build/sdcc-build/orig/sdcc/src/pic14/gen.c:1361:mov2w_op
0070   3002           00474         MOVLW   0x02
                      00475 ;; >>> /home/sdcc-builder/build/sdcc-build/orig/sdcc/src/pic14/gen.c:2173:genCall
0071   ???? ????      00476         PAGESEL _SSD_SetSymbol
                      00477 ;; >>> /home/sdcc-builder/build/sdcc-build/orig/sdcc/src/pic14/gen.c:2175:genCall
0073   2???           00478         CALL    _SSD_SetSymbol
                      00479 ;; >>> /home/sdcc-builder/build/sdcc-build/orig/sdcc/src/pic14/gen.c:2181:genCall
0074   ???? ????      00480         PAGESEL $
                      00481 ;;; /home/sdcc-builder/build/sdcc-build/orig/sdcc/src/pic14/gen.c:1845:unsaveRegisters *{*
                      00482 ;; ***  unsaveRegisters  1847
                      00483 ;;; /home/sdcc-builder/build/sdcc-build/orig/sdcc/src/pic14/gen.c:2316:resultRemat *{*
                      00484 ;;; /home/sdcc-builder/build/sdcc-build/orig/sdcc/src/pic14/gen.c:2316:resultRemat *{*
                      00485 ;;; /home/sdcc-builder/build/sdcc-build/orig/sdcc/src/pic14/gen.c:2316:resultRemat *{*
                      00486 ;;; /home/sdcc-builder/build/sdcc-build/orig/sdcc/src/pic14/gen.c:2086:genCall *{*
                      00487 ;; ***  genCall  2088
                      00488 ;;; /home/sdcc-builder/build/sdcc-build/orig/sdcc/src/pic14/gen.c:1801:saveRegisters *{*
                      00489 ;; ***  saveRegisters  1803
                      00490 ;;      694 register type nRegs=2
                      00491 ;;      2135 left AOP_LIT
                      00492 ;;; /home/sdcc-builder/build/sdcc-build/orig/sdcc/src/pic14/gen.c:1343:mov2w_op *{*
                      00493 ;; >>> /home/sdcc-builder/build/sdcc-build/orig/sdcc/src/pic14/gen.c:1361:mov2w_op
                      00494         .line   32; "counter.c" SSD_SetSymbol(SSD_R , ( cnt %10) );
0076   300A           00495         MOVLW   0x0a
                      00496 ;;      2135 left AOP_LIT
                      00497 ;; >>> /home/sdcc-builder/build/sdcc-build/orig/sdcc/src/pic14/gen.c:2143:genCall
                      00498 ;; ***  popRegFromIdx,1042  , rIdx=0x7d
0077   00??           00499         MOVWF   STK02
                      00500 ;;; /home/sdcc-builder/build/sdcc-build/orig/sdcc/src/pic14/gen.c:1343:mov2w_op *{*
                      00501 ;; >>> /home/sdcc-builder/build/sdcc-build/orig/sdcc/src/pic14/gen.c:1361:mov2w_op
0078   3000           00502         MOVLW   0x00
                      00503 ;;      694 register type nRegs=2
                      00504 ;;      2135 left AOP_REG
                      00505 ;; >>> /home/sdcc-builder/build/sdcc-build/orig/sdcc/src/pic14/gen.c:2143:genCall
                      00506 ;; ***  popRegFromIdx,1042  , rIdx=0x7e
0079   00??           00507         MOVWF   STK01
                      00508 ;;; /home/sdcc-builder/build/sdcc-build/orig/sdcc/src/pic14/gen.c:1343:mov2w_op *{*
                      00509 ;; ***  mov2w  1381  offset=0
                      00510 ;; >>> /home/sdcc-builder/build/sdcc-build/orig/sdcc/src/pic14/gen.c:1386:mov2w
                      00511 ;;      1109 rIdx = r0x104A 
007A   ???? ????      00512         BANKSEL r0x1003
007C   08??           00513         MOVF    r0x1003,W
                      00514 ;;      2135 left AOP_REG
                      00515 ;; >>> /home/sdcc-builder/build/sdcc-build/orig/sdcc/src/pic14/gen.c:2143:genCall
                      00516 ;; ***  popRegFromIdx,1042  , rIdx=0x7f
007D   00??           00517         MOVWF   STK00
                      00518 ;;; /home/sdcc-builder/build/sdcc-build/orig/sdcc/src/pic14/gen.c:1343:mov2w_op *{*
                      00519 ;; ***  mov2w  1381  offset=1
                      00520 ;; >>> /home/sdcc-builder/build/sdcc-build/orig/sdcc/src/pic14/gen.c:1386:mov2w
gpasm-1.4.0 #1106 (Oct  6 2014) obj\Debug\cou   7-8-2020  23:39:24          PAGE 11


LOC    OBJECT CODE    LINE  SOURCE TEXT
  VALUE

                      00521 ;;      1109 rIdx = r0x104B 
007E   08??           00522         MOVF    r0x1002,W
                      00523 ;; >>> /home/sdcc-builder/build/sdcc-build/orig/sdcc/src/pic14/gen.c:2173:genCall
007F   ???? ????      00524         PAGESEL __moduint
                      00525 ;; >>> /home/sdcc-builder/build/sdcc-build/orig/sdcc/src/pic14/gen.c:2175:genCall
0081   2???           00526         CALL    __moduint
                      00527 ;; >>> /home/sdcc-builder/build/sdcc-build/orig/sdcc/src/pic14/gen.c:2181:genCall
0082   ???? ????      00528         PAGESEL $
                      00529 ;;      694 register type nRegs=2
                      00530 ;;; /home/sdcc-builder/build/sdcc-build/orig/sdcc/src/pic14/gen.c:1907:assignResultValue *{*
                      00531 ;; ***  assignResultValue  1909
                      00532 ;;      line = 1911 result -=-, size=0, left AOP_REG=r0x104A, size=2, right -=-, size=0
                      00533 ;; >>> /home/sdcc-builder/build/sdcc-build/orig/sdcc/src/pic14/gen.c:1393:movwf
                      00534 ;;      1109 rIdx = r0x104B 
0084   ???? ????      00535         BANKSEL r0x1002
0086   00??           00536         MOVWF   r0x1002
                      00537 ;; >>> /home/sdcc-builder/build/sdcc-build/orig/sdcc/src/pic14/gen.c:1423:get_returnvalue
                      00538 ;; ***  popRegFromIdx,1042  , rIdx=0x7f
0087   08??           00539         MOVF    STK00,W
                      00540 ;; >>> /home/sdcc-builder/build/sdcc-build/orig/sdcc/src/pic14/gen.c:1393:movwf
                      00541 ;;      1109 rIdx = r0x104A 
0088   00??           00542         MOVWF   r0x1003
0089   00??           00543         MOVWF   r0x1005
008A   00??           00544         MOVWF   STK00
                      00545 ;;; /home/sdcc-builder/build/sdcc-build/orig/sdcc/src/pic14/gen.c:1343:mov2w_op *{*
                      00546 ;; >>> /home/sdcc-builder/build/sdcc-build/orig/sdcc/src/pic14/gen.c:1361:mov2w_op
008B   3003           00547         MOVLW   0x03
                      00548 ;; >>> /home/sdcc-builder/build/sdcc-build/orig/sdcc/src/pic14/gen.c:2173:genCall
008C   ???? ????      00549         PAGESEL _SSD_SetSymbol
                      00550 ;; >>> /home/sdcc-builder/build/sdcc-build/orig/sdcc/src/pic14/gen.c:2175:genCall
008E   2???           00551         CALL    _SSD_SetSymbol
                      00552 ;; >>> /home/sdcc-builder/build/sdcc-build/orig/sdcc/src/pic14/gen.c:2181:genCall
008F   ???? ????      00553         PAGESEL $
                      00554 ;;; /home/sdcc-builder/build/sdcc-build/orig/sdcc/src/pic14/gen.c:1845:unsaveRegisters *{*
                      00555 ;; ***  unsaveRegisters  1847
                      00556 ;;; /home/sdcc-builder/build/sdcc-build/orig/sdcc/src/pic14/gen.c:2316:resultRemat *{*
                      00557 ;;; /home/sdcc-builder/build/sdcc-build/orig/sdcc/src/pic14/gen.c:2760:genLabel *{*
                      00558 ;; ***  genLabel  2763
                      00559 ;;; /home/sdcc-builder/build/sdcc-build/orig/sdcc/src/pic14/gen.c:2316:resultRemat *{*
                      00560 ;;; /home/sdcc-builder/build/sdcc-build/orig/sdcc/src/pic14/gen.c:2528:genEndFunction *{*
                      00561 ;; ***  genEndFunction  2530
0091   0008           00562         RETURN  
                      00563 ; exit point of _CNT_Setcount
                      00564 
                      00565 ;***
                      00566 ;  pBlock Stats: dbName = C
                      00567 ;***
                      00568 ;entry:  _CNT_Update    ;Function start
                      00569 ; 2 exit points
                      00570 ;has an exit
                      00571 ;functions called:
                      00572 ;   _PB_GetState
                      00573 ;   _PB_GetState
gpasm-1.4.0 #1106 (Oct  6 2014) obj\Debug\cou   7-8-2020  23:39:24          PAGE 12


LOC    OBJECT CODE    LINE  SOURCE TEXT
  VALUE

                      00574 ;   _CNT_Setcount
                      00575 ;   _PB_GetState
                      00576 ;   _PB_GetState
                      00577 ;   _CNT_Setcount
                      00578 ;2 compiler assigned registers:
                      00579 ;   r0x1007
                      00580 ;   STK00
                      00581 ;; Starting pCode block
                      00582 ;;; /home/sdcc-builder/build/sdcc-build/orig/sdcc/src/pic14/gen.c:2316:resultRemat *{*
                      00583 ;;; /home/sdcc-builder/build/sdcc-build/orig/sdcc/src/pic14/gen.c:2760:genLabel *{*
                      00584 ;; ***  genLabel  2763
                      00585 ;;; /home/sdcc-builder/build/sdcc-build/orig/sdcc/src/pic14/gen.c:2316:resultRemat *{*
                      00586 ;;; /home/sdcc-builder/build/sdcc-build/orig/sdcc/src/pic14/gen.c:2340:genFunction *{*
                      00587 ;; ***  genFunction  2342 curr label offset=4previous max_key=0 
0092                  00588 _CNT_Update     ;Function start
                      00589 ; 2 exit points
                      00590 ;;; /home/sdcc-builder/build/sdcc-build/orig/sdcc/src/pic14/gen.c:2316:resultRemat *{*
                      00591 ;;; /home/sdcc-builder/build/sdcc-build/orig/sdcc/src/pic14/gen.c:2316:resultRemat *{*
                      00592 ;;; /home/sdcc-builder/build/sdcc-build/orig/sdcc/src/pic14/gen.c:2086:genCall *{*
                      00593 ;; ***  genCall  2088
                      00594 ;;; /home/sdcc-builder/build/sdcc-build/orig/sdcc/src/pic14/gen.c:1801:saveRegisters *{*
                      00595 ;; ***  saveRegisters  1803
                      00596 ;;      2135 left AOP_LIT
                      00597 ;;; /home/sdcc-builder/build/sdcc-build/orig/sdcc/src/pic14/gen.c:1343:mov2w_op *{*
                      00598 ;; >>> /home/sdcc-builder/build/sdcc-build/orig/sdcc/src/pic14/gen.c:1361:mov2w_op
                      00599         .line   12; "counter.c" if(PB_GetState(PB_RESET) == PB_PRE_RELEASED)
0092   3001           00600         MOVLW   0x01
                      00601 ;; >>> /home/sdcc-builder/build/sdcc-build/orig/sdcc/src/pic14/gen.c:2173:genCall
0093   ???? ????      00602         PAGESEL _PB_GetState
                      00603 ;; >>> /home/sdcc-builder/build/sdcc-build/orig/sdcc/src/pic14/gen.c:2175:genCall
0095   2???           00604         CALL    _PB_GetState
                      00605 ;; >>> /home/sdcc-builder/build/sdcc-build/orig/sdcc/src/pic14/gen.c:2181:genCall
0096   ???? ????      00606         PAGESEL $
                      00607 ;;      694 register type nRegs=1
                      00608 ;;; /home/sdcc-builder/build/sdcc-build/orig/sdcc/src/pic14/gen.c:1907:assignResultValue *{*
                      00609 ;; ***  assignResultValue  1909
                      00610 ;;      line = 1911 result -=-, size=0, left AOP_REG=r0x1049, size=1, right -=-, size=0
                      00611 ;; >>> /home/sdcc-builder/build/sdcc-build/orig/sdcc/src/pic14/gen.c:1393:movwf
                      00612 ;;      1109 rIdx = r0x1049 
0098   ???? ????      00613         BANKSEL r0x1007
009A   00??           00614         MOVWF   r0x1007
009B   3A03           00615         XORLW   0x03
                      00616 ;; >>> /home/sdcc-builder/build/sdcc-build/orig/sdcc/src/pic14/gen.c:3687:genCmpEq
009C   1D03           00617         BTFSS   STATUS,2
                      00618 ;; >>> /home/sdcc-builder/build/sdcc-build/orig/sdcc/src/pic14/gen.c:3690:genCmpEq
                      00619 ;; ***  popGetLabel  key=6, label offset 8
009D   2???           00620         GOTO    _00114_DS_
                      00621 ;;; /home/sdcc-builder/build/sdcc-build/orig/sdcc/src/pic14/gen.c:2316:resultRemat *{*
                      00622 ;;; /home/sdcc-builder/build/sdcc-build/orig/sdcc/src/pic14/gen.c:2316:resultRemat *{*
                      00623 ;;; /home/sdcc-builder/build/sdcc-build/orig/sdcc/src/pic14/gen.c:6927:genAssign *{*
                      00624 ;; ***  genAssign  6928
                      00625 ;; ***  aopForSym 315
                      00626 ;;      327 sym->rname = _counter, size = 2
gpasm-1.4.0 #1106 (Oct  6 2014) obj\Debug\cou   7-8-2020  23:39:24          PAGE 13


LOC    OBJECT CODE    LINE  SOURCE TEXT
  VALUE

                      00627 ;;      line = 6937 result AOP_DIR=_counter, size=2, left -=-, size=0, right AOP_LIT=0x00, size=2
                      00628 ;; ***  genAssign  7023
                      00629 ;; >>> /home/sdcc-builder/build/sdcc-build/orig/sdcc/src/pic14/gen.c:7035:genAssign
                      00630 ;;      1009
                      00631 ;;      1028  _counter   offset=0
                      00632         .line   14; "counter.c" counter = 0 ;
009E   ???? ????      00633         BANKSEL _counter
00A0   01??           00634         CLRF    _counter
                      00635 ;; ***  genAssign  7023
                      00636 ;; >>> /home/sdcc-builder/build/sdcc-build/orig/sdcc/src/pic14/gen.c:7035:genAssign
                      00637 ;;      1009
                      00638 ;;      1028  _counter   offset=1
00A1   01??           00639         CLRF    (_counter + 1)
                      00640 ;;; /home/sdcc-builder/build/sdcc-build/orig/sdcc/src/pic14/gen.c:2316:resultRemat *{*
                      00641 ;;; /home/sdcc-builder/build/sdcc-build/orig/sdcc/src/pic14/gen.c:2778:genGoto *{*
                      00642 ;; >>> /home/sdcc-builder/build/sdcc-build/orig/sdcc/src/pic14/gen.c:2780:genGoto
                      00643 ;; ***  popGetLabel  key=7, label offset 8
00A2   2???           00644         GOTO    _00115_DS_
                      00645 ;;; /home/sdcc-builder/build/sdcc-build/orig/sdcc/src/pic14/gen.c:2316:resultRemat *{*
                      00646 ;;; /home/sdcc-builder/build/sdcc-build/orig/sdcc/src/pic14/gen.c:2760:genLabel *{*
                      00647 ;; ***  genLabel  2763
                      00648 ;;; /home/sdcc-builder/build/sdcc-build/orig/sdcc/src/pic14/gen.c:2316:resultRemat *{*
                      00649 ;;; /home/sdcc-builder/build/sdcc-build/orig/sdcc/src/pic14/gen.c:2316:resultRemat *{*
                      00650 ;;; /home/sdcc-builder/build/sdcc-build/orig/sdcc/src/pic14/gen.c:2086:genCall *{*
                      00651 ;; ***  genCall  2088
                      00652 ;;; /home/sdcc-builder/build/sdcc-build/orig/sdcc/src/pic14/gen.c:1801:saveRegisters *{*
                      00653 ;; ***  saveRegisters  1803
                      00654 ;;      2135 left AOP_LIT
                      00655 ;;; /home/sdcc-builder/build/sdcc-build/orig/sdcc/src/pic14/gen.c:1343:mov2w_op *{*
                      00656 ;; >>> /home/sdcc-builder/build/sdcc-build/orig/sdcc/src/pic14/gen.c:1361:mov2w_op
00A3                  00657 _00114_DS_
                      00658         .line   16; "counter.c" else if (PB_GetState(PB_PLUS) == PB_PRE_PRESSED)
00A3   3000           00659         MOVLW   0x00
                      00660 ;; >>> /home/sdcc-builder/build/sdcc-build/orig/sdcc/src/pic14/gen.c:2173:genCall
00A4   ???? ????      00661         PAGESEL _PB_GetState
                      00662 ;; >>> /home/sdcc-builder/build/sdcc-build/orig/sdcc/src/pic14/gen.c:2175:genCall
00A6   2???           00663         CALL    _PB_GetState
                      00664 ;; >>> /home/sdcc-builder/build/sdcc-build/orig/sdcc/src/pic14/gen.c:2181:genCall
00A7   ???? ????      00665         PAGESEL $
                      00666 ;;      694 register type nRegs=1
                      00667 ;;; /home/sdcc-builder/build/sdcc-build/orig/sdcc/src/pic14/gen.c:1907:assignResultValue *{*
                      00668 ;; ***  assignResultValue  1909
                      00669 ;;      line = 1911 result -=-, size=0, left AOP_REG=r0x1049, size=1, right -=-, size=0
                      00670 ;; >>> /home/sdcc-builder/build/sdcc-build/orig/sdcc/src/pic14/gen.c:1393:movwf
                      00671 ;;      1109 rIdx = r0x1049 
00A9   ???? ????      00672         BANKSEL r0x1007
00AB   00??           00673         MOVWF   r0x1007
00AC   3A01           00674         XORLW   0x01
                      00675 ;; >>> /home/sdcc-builder/build/sdcc-build/orig/sdcc/src/pic14/gen.c:3687:genCmpEq
00AD   1D03           00676         BTFSS   STATUS,2
                      00677 ;; >>> /home/sdcc-builder/build/sdcc-build/orig/sdcc/src/pic14/gen.c:3690:genCmpEq
                      00678 ;; ***  popGetLabel  key=7, label offset 8
00AE   2???           00679         GOTO    _00115_DS_
gpasm-1.4.0 #1106 (Oct  6 2014) obj\Debug\cou   7-8-2020  23:39:24          PAGE 14


LOC    OBJECT CODE    LINE  SOURCE TEXT
  VALUE

                      00680 ;;; /home/sdcc-builder/build/sdcc-build/orig/sdcc/src/pic14/gen.c:2316:resultRemat *{*
                      00681 ;;; /home/sdcc-builder/build/sdcc-build/orig/sdcc/src/pic14/gen.c:2316:resultRemat *{*
                      00682 ;;; /home/sdcc-builder/build/sdcc-build/orig/sdcc/src/pic14/gen.c:3547:genCmpGt *{*
                      00683 ;; ***  genCmpGt  3548
                      00684 ;; ***  aopForSym 315
                      00685 ;;      327 sym->rname = _counter, size = 2
                      00686 ;;; /home/sdcc-builder/build/sdcc-build/orig/sdcc/src/pic14/gen.c:3294:genCmp *{*
                      00687 ;;swapping arguments (AOP_TYPEs 1/3)
                      00688 ;;unsigned compare: left >= lit(0x2710=10000), size=2
                      00689 ;; >>> /home/sdcc-builder/build/sdcc-build/orig/sdcc/src/pic14/gen.c:3265:pic14_mov2w_regOrLit
                      00690         .line   19; "counter.c" if(counter <= 9999)
00AF   3027           00691         MOVLW   0x27
                      00692 ;; >>> /home/sdcc-builder/build/sdcc-build/orig/sdcc/src/pic14/gen.c:3432:genCmp
                      00693 ;;      1009
                      00694 ;;      1028  _counter   offset=1
00B0   ???? ????      00695         BANKSEL _counter
00B2   02??           00696         SUBWF   (_counter + 1),W
                      00697 ;; >>> /home/sdcc-builder/build/sdcc-build/orig/sdcc/src/pic14/gen.c:3477:genCmp
00B3   1D03           00698         BTFSS   STATUS,2
                      00699 ;; >>> /home/sdcc-builder/build/sdcc-build/orig/sdcc/src/pic14/gen.c:3478:genCmp
                      00700 ;; ***  popGetLabel  key=19, label offset 8
00B4   2???           00701         GOTO    _00127_DS_
                      00702 ;; >>> /home/sdcc-builder/build/sdcc-build/orig/sdcc/src/pic14/gen.c:3265:pic14_mov2w_regOrLit
00B5   3010           00703         MOVLW   0x10
                      00704 ;; >>> /home/sdcc-builder/build/sdcc-build/orig/sdcc/src/pic14/gen.c:3480:genCmp
                      00705 ;;      1009
                      00706 ;;      1028  _counter   offset=0
00B6   02??           00707         SUBWF   _counter,W
                      00708 ;;; /home/sdcc-builder/build/sdcc-build/orig/sdcc/src/pic14/gen.c:3237:genSkipc *{*
                      00709 ;; >>> /home/sdcc-builder/build/sdcc-build/orig/sdcc/src/pic14/gen.c:3242:genSkipc
00B7                  00710 _00127_DS_
00B7   1803           00711         BTFSC   STATUS,0
                      00712 ;; >>> /home/sdcc-builder/build/sdcc-build/orig/sdcc/src/pic14/gen.c:3246:genSkipc
                      00713 ;; ***  popGetLabel  key=7, label offset 8
00B8   2???           00714         GOTO    _00115_DS_
                      00715 ;;genSkipc:3247: created from rifx:027A5DF4
                      00716 ;;; /home/sdcc-builder/build/sdcc-build/orig/sdcc/src/pic14/gen.c:2316:resultRemat *{*
                      00717 ;;; /home/sdcc-builder/build/sdcc-build/orig/sdcc/src/pic14/gen.c:2316:resultRemat *{*
                      00718 ;; ***  genPlus  611
                      00719 ;;; /home/sdcc-builder/build/sdcc-build/orig/sdcc/src/pic14/genarith.c:612:genPlus *{*
                      00720 ;; ***  aopForSym 315
                      00721 ;;      327 sym->rname = _counter, size = 2
                      00722 ;;      line = 618 result AOP_DIR=_counter, size=2, left AOP_DIR=_counter, size=2, right AOP_LIT=0x01, s
                            ize=1
                      00723 ;;; /home/sdcc-builder/build/sdcc-build/orig/sdcc/src/pic14/genarith.c:142:genPlusIncr *{*
                      00724 ;; ***  genPlusIncr  144
                      00725 ;;      result AOP_DIR, left AOP_DIR, right AOP_LIT
                      00726 ;;      genPlusIncr  156
                      00727 ;; >>> /home/sdcc-builder/build/sdcc-build/orig/sdcc/src/pic14/genarith.c:168:genPlusIncr
                      00728 ;;      1009
                      00729 ;;      1028  _counter   offset=0
                      00730         .line   21; "counter.c" counter ++ ;
00B9   ???? ????      00731         BANKSEL _counter
gpasm-1.4.0 #1106 (Oct  6 2014) obj\Debug\cou   7-8-2020  23:39:24          PAGE 15


LOC    OBJECT CODE    LINE  SOURCE TEXT
  VALUE

00BB   0A??           00732         INCF    _counter,F
                      00733 ;; >>> /home/sdcc-builder/build/sdcc-build/orig/sdcc/src/pic14/genarith.c:172:genPlusIncr
00BC   1903           00734         BTFSC   STATUS,2
                      00735 ;; >>> /home/sdcc-builder/build/sdcc-build/orig/sdcc/src/pic14/genarith.c:173:genPlusIncr
                      00736 ;;      1009
                      00737 ;;      1028  _counter   offset=1
00BD   0A??           00738         INCF    (_counter + 1),F
                      00739 ;;; /home/sdcc-builder/build/sdcc-build/orig/sdcc/src/pic14/gen.c:2316:resultRemat *{*
                      00740 ;;; /home/sdcc-builder/build/sdcc-build/orig/sdcc/src/pic14/gen.c:2760:genLabel *{*
                      00741 ;; ***  genLabel  2763
                      00742 ;;; /home/sdcc-builder/build/sdcc-build/orig/sdcc/src/pic14/gen.c:2316:resultRemat *{*
                      00743 ;;; /home/sdcc-builder/build/sdcc-build/orig/sdcc/src/pic14/gen.c:2316:resultRemat *{*
                      00744 ;;; /home/sdcc-builder/build/sdcc-build/orig/sdcc/src/pic14/gen.c:2086:genCall *{*
                      00745 ;; ***  genCall  2088
                      00746 ;;; /home/sdcc-builder/build/sdcc-build/orig/sdcc/src/pic14/gen.c:1801:saveRegisters *{*
                      00747 ;; ***  saveRegisters  1803
                      00748 ;; ***  aopForSym 315
                      00749 ;;      327 sym->rname = _counter, size = 2
                      00750 ;; ***  aopForSym 315
                      00751 ;;      327 sym->rname = _counter, size = 2
                      00752 ;;      2135 left AOP_DIR
                      00753 ;;; /home/sdcc-builder/build/sdcc-build/orig/sdcc/src/pic14/gen.c:1343:mov2w_op *{*
                      00754 ;; ***  mov2w  1381  offset=0
                      00755 ;; >>> /home/sdcc-builder/build/sdcc-build/orig/sdcc/src/pic14/gen.c:1386:mov2w
                      00756 ;;      1009
                      00757 ;;      1028  _counter   offset=0
00BE                  00758 _00115_DS_
                      00759         .line   25; "counter.c" CNT_Setcount(counter) ;
00BE   ???? ????      00760         BANKSEL _counter
00C0   08??           00761         MOVF    _counter,W
                      00762 ;;      2135 left AOP_DIR
                      00763 ;; >>> /home/sdcc-builder/build/sdcc-build/orig/sdcc/src/pic14/gen.c:2143:genCall
                      00764 ;; ***  popRegFromIdx,1042  , rIdx=0x7f
00C1   00??           00765         MOVWF   STK00
                      00766 ;;; /home/sdcc-builder/build/sdcc-build/orig/sdcc/src/pic14/gen.c:1343:mov2w_op *{*
                      00767 ;; ***  mov2w  1381  offset=1
                      00768 ;; >>> /home/sdcc-builder/build/sdcc-build/orig/sdcc/src/pic14/gen.c:1386:mov2w
                      00769 ;;      1009
                      00770 ;;      1028  _counter   offset=1
00C2   08??           00771         MOVF    (_counter + 1),W
                      00772 ;; >>> /home/sdcc-builder/build/sdcc-build/orig/sdcc/src/pic14/gen.c:2173:genCall
00C3   ???? ????      00773         PAGESEL _CNT_Setcount
                      00774 ;; >>> /home/sdcc-builder/build/sdcc-build/orig/sdcc/src/pic14/gen.c:2175:genCall
00C5   2???           00775         CALL    _CNT_Setcount
                      00776 ;; >>> /home/sdcc-builder/build/sdcc-build/orig/sdcc/src/pic14/gen.c:2181:genCall
00C6   ???? ????      00777         PAGESEL $
                      00778 ;;; /home/sdcc-builder/build/sdcc-build/orig/sdcc/src/pic14/gen.c:1845:unsaveRegisters *{*
                      00779 ;; ***  unsaveRegisters  1847
                      00780 ;;; /home/sdcc-builder/build/sdcc-build/orig/sdcc/src/pic14/gen.c:2316:resultRemat *{*
                      00781 ;;; /home/sdcc-builder/build/sdcc-build/orig/sdcc/src/pic14/gen.c:2760:genLabel *{*
                      00782 ;; ***  genLabel  2763
                      00783 ;;; /home/sdcc-builder/build/sdcc-build/orig/sdcc/src/pic14/gen.c:2316:resultRemat *{*
                      00784 ;;; /home/sdcc-builder/build/sdcc-build/orig/sdcc/src/pic14/gen.c:2528:genEndFunction *{*
gpasm-1.4.0 #1106 (Oct  6 2014) obj\Debug\cou   7-8-2020  23:39:24          PAGE 16


LOC    OBJECT CODE    LINE  SOURCE TEXT
  VALUE

                      00785 ;; ***  genEndFunction  2530
00C8   0008           00786         RETURN  
                      00787 ; exit point of _CNT_Update
                      00788 ;;; /home/sdcc-builder/build/sdcc-build/orig/sdcc/src/pic14/gen.c:7426:genpic14Code *{*
                      00789 
                      00790 ;***
                      00791 ;  pBlock Stats: dbName = C
                      00792 ;***
                      00793 ;entry:  _CNT_Init      ;Function start
                      00794 ; 2 exit points
                      00795 ;has an exit
                      00796 ;1 compiler assigned register :
                      00797 ;   STK00
                      00798 ;; Starting pCode block
                      00799 ;;; /home/sdcc-builder/build/sdcc-build/orig/sdcc/src/pic14/gen.c:2316:resultRemat *{*
                      00800 ;;; /home/sdcc-builder/build/sdcc-build/orig/sdcc/src/pic14/gen.c:2760:genLabel *{*
                      00801 ;; ***  genLabel  2763
                      00802 ;;; /home/sdcc-builder/build/sdcc-build/orig/sdcc/src/pic14/gen.c:2316:resultRemat *{*
                      00803 ;;; /home/sdcc-builder/build/sdcc-build/orig/sdcc/src/pic14/gen.c:2340:genFunction *{*
                      00804 ;; ***  genFunction  2342 curr label offset=0previous max_key=0 
00C9                  00805 _CNT_Init       ;Function start
                      00806 ; 2 exit points
                      00807 ;;; /home/sdcc-builder/build/sdcc-build/orig/sdcc/src/pic14/gen.c:2316:resultRemat *{*
                      00808 ;;; /home/sdcc-builder/build/sdcc-build/orig/sdcc/src/pic14/gen.c:7358:genReceive *{*
                      00809 ;; ***  genReceive  7359
                      00810 ;; ***  aopForSym 315
                      00811 ;;      327 sym->rname = _counter, size = 2
                      00812 ;;; /home/sdcc-builder/build/sdcc-build/orig/sdcc/src/pic14/gen.c:1907:assignResultValue *{*
                      00813 ;; ***  assignResultValue  1909
                      00814 ;;      line = 1911 result -=-, size=0, left AOP_DIR=_counter, size=2, right -=-, size=0
                      00815 ;; >>> /home/sdcc-builder/build/sdcc-build/orig/sdcc/src/pic14/gen.c:1393:movwf
                      00816 ;;      1009
                      00817 ;;      1028  _counter   offset=1
                      00818         .line   5; "counter.c"  void CNT_Init(unsigned int initial_count)
00C9   ???? ????      00819         BANKSEL _counter
00CB   00??           00820         MOVWF   (_counter + 1)
                      00821 ;; >>> /home/sdcc-builder/build/sdcc-build/orig/sdcc/src/pic14/gen.c:1423:get_returnvalue
                      00822 ;; ***  popRegFromIdx,1042  , rIdx=0x7f
00CC   08??           00823         MOVF    STK00,W
                      00824 ;; >>> /home/sdcc-builder/build/sdcc-build/orig/sdcc/src/pic14/gen.c:1393:movwf
                      00825 ;;      1009
                      00826 ;;      1028  _counter   offset=0
00CD   00??           00827         MOVWF   _counter
                      00828 ;;; /home/sdcc-builder/build/sdcc-build/orig/sdcc/src/pic14/gen.c:2316:resultRemat *{*
                      00829 ;;; /home/sdcc-builder/build/sdcc-build/orig/sdcc/src/pic14/gen.c:2760:genLabel *{*
                      00830 ;; ***  genLabel  2763
                      00831 ;;; /home/sdcc-builder/build/sdcc-build/orig/sdcc/src/pic14/gen.c:2316:resultRemat *{*
                      00832 ;;; /home/sdcc-builder/build/sdcc-build/orig/sdcc/src/pic14/gen.c:2528:genEndFunction *{*
                      00833 ;; ***  genEndFunction  2530
                      00834         .line   7; "counter.c"  counter = initial_count ;
00CE   0008           00835         RETURN  
                      00836 ; exit point of _CNT_Init
                      00837 ;;; /home/sdcc-builder/build/sdcc-build/orig/sdcc/src/pic14/gen.c:7426:genpic14Code *{*
gpasm-1.4.0 #1106 (Oct  6 2014) obj\Debug\cou   7-8-2020  23:39:24          PAGE 17


LOC    OBJECT CODE    LINE  SOURCE TEXT
  VALUE

                      00838 
                      00839 
                      00840 ;       code size estimation:
                      00841 ;         121+   43 =   164 instructions (  414 byte)
                      00842 
                      00843         end
gpasm-1.4.0 #1106 (Oct  6 2014) obj\Debug\cou   7-8-2020  23:39:24          PAGE 18


SYMBOL TABLE
  LABEL                             VALUE

ACKDT                             00000005
ACKEN                             00000004
ACKSTAT                           00000006
ADCON0                            0000001F
ADCON1                            0000009F
ADCS0                             00000006
ADCS1                             00000007
ADCS2                             00000006
ADDEN                             00000003
ADFM                              00000007
ADIE                              00000006
ADIF                              00000006
ADON                              00000000
ADRESH                            0000001E
ADRESL                            0000009E
BCLIE                             00000003
BCLIF                             00000003
BF                                00000000
BRGH                              00000002
C                                 00000000
C1INV                             00000004
C1OUT                             00000006
C2INV                             00000005
C2OUT                             00000007
CCP1CON                           00000017
CCP1IE                            00000002
CCP1IF                            00000002
CCP1M0                            00000000
CCP1M1                            00000001
CCP1M2                            00000002
CCP1M3                            00000003
CCP1X                             00000005
CCP1Y                             00000004
CCP2CON                           0000001D
CCP2IE                            00000000
CCP2IF                            00000000
CCP2M0                            00000000
CCP2M1                            00000001
CCP2M2                            00000002
CCP2M3                            00000003
CCP2X                             00000005
CCP2Y                             00000004
CCPR1                             00000015
CCPR1H                            00000016
CCPR1L                            00000015
CCPR2                             0000001B
CCPR2H                            0000001C
CCPR2L                            0000001B
CHS0                              00000003
CHS1                              00000004
CHS2                              00000005
CIS                               00000003
CKE                               00000006
gpasm-1.4.0 #1106 (Oct  6 2014) obj\Debug\cou   7-8-2020  23:39:24          PAGE 19


SYMBOL TABLE
  LABEL                             VALUE 

CKP                               00000004
CM0                               00000000
CM1                               00000001
CM2                               00000002
CMCON                             0000009C
CMIE                              00000006
CMIF                              00000006
CREN                              00000004
CSRC                              00000007
CVR0                              00000000
CVR1                              00000001
CVR2                              00000002
CVR3                              00000003
CVRCON                            0000009D
CVREN                             00000007
CVROE                             00000006
CVRR                              00000005
D                                 00000005
DATA_ADDRESS                      00000005
DC                                00000001
D_A                               00000005
D_NOT_A                           00000005
EEADR                             0000010D
EEADRH                            0000010F
EECON1                            0000018C
EECON2                            0000018D
EEDATA                            0000010C
EEDATH                            0000010E
EEIE                              00000004
EEIF                              00000004
EEPGD                             00000007
F                                 00000001
FERR                              00000002
FSR                               00000004
GCEN                              00000007
GIE                               00000007
GO                                00000002
GO_DONE                           00000002
GO_NOT_DONE                       00000002
I2C_DATA                          00000005
I2C_READ                          00000002
I2C_START                         00000003
I2C_STOP                          00000004
IBF                               00000007
IBOV                              00000005
INDF                              00000000
INTCON                            0000000B
INTE                              00000004
INTEDG                            00000006
INTF                              00000001
IRP                               00000007
NOT_A                             00000005
NOT_ADDRESS                       00000005
gpasm-1.4.0 #1106 (Oct  6 2014) obj\Debug\cou   7-8-2020  23:39:24          PAGE 20


SYMBOL TABLE
  LABEL                             VALUE 

NOT_BO                            00000000
NOT_BOR                           00000000
NOT_DONE                          00000002
NOT_PD                            00000003
NOT_POR                           00000001
NOT_RBPU                          00000007
NOT_RC8                           00000006
NOT_T1SYNC                        00000002
NOT_TO                            00000004
NOT_TX8                           00000006
NOT_W                             00000002
NOT_WRITE                         00000002
OBF                               00000006
OERR                              00000001
OPTION_REG                        00000081
P                                 00000004
PCFG0                             00000000
PCFG1                             00000001
PCFG2                             00000002
PCFG3                             00000003
PCL                               00000002
PCLATH                            0000000A
PCON                              0000008E
PEIE                              00000006
PEN                               00000002
PIE1                              0000008C
PIE2                              0000008D
PIR1                              0000000C
PIR2                              0000000D
PORTA                             00000005
PORTB                             00000006
PORTC                             00000007
PORTD                             00000008
PORTE                             00000009
PR2                               00000092
PS0                               00000000
PS1                               00000001
PS2                               00000002
PSA                               00000003
PSAVE                             00000000
PSPIE                             00000007
PSPIF                             00000007
PSPMODE                           00000004
R                                 00000002
RA0                               00000000
RA1                               00000001
RA2                               00000002
RA3                               00000003
RA4                               00000004
RA5                               00000005
RB0                               00000000
RB1                               00000001
RB2                               00000002
gpasm-1.4.0 #1106 (Oct  6 2014) obj\Debug\cou   7-8-2020  23:39:24          PAGE 21


SYMBOL TABLE
  LABEL                             VALUE 

RB3                               00000003
RB4                               00000004
RB5                               00000005
RB6                               00000006
RB7                               00000007
RBIE                              00000003
RBIF                              00000000
RC0                               00000000
RC1                               00000001
RC2                               00000002
RC3                               00000003
RC4                               00000004
RC5                               00000005
RC6                               00000006
RC7                               00000007
RC8_9                             00000006
RC9                               00000006
RCD8                              00000000
RCEN                              00000003
RCIE                              00000005
RCIF                              00000005
RCREG                             0000001A
RCSTA                             00000018
RD                                00000000
RD0                               00000000
RD1                               00000001
RD2                               00000002
RD3                               00000003
RD4                               00000004
RD5                               00000005
RD6                               00000006
RD7                               00000007
RE0                               00000000
RE1                               00000001
RE2                               00000002
READ_WRITE                        00000002
RP0                               00000005
RP1                               00000006
RSEN                              00000001
RX9                               00000006
RX9D                              00000000
R_NOT_W                           00000002
R_W                               00000002
S                                 00000003
SEN                               00000000
SMP                               00000007
SPBRG                             00000099
SPEN                              00000007
SREN                              00000005
SSAVE                             00000000
SSPADD                            00000093
SSPBUF                            00000013
SSPCON                            00000014
gpasm-1.4.0 #1106 (Oct  6 2014) obj\Debug\cou   7-8-2020  23:39:24          PAGE 22


SYMBOL TABLE
  LABEL                             VALUE 

SSPCON2                           00000091
SSPEN                             00000005
SSPIE                             00000003
SSPIF                             00000003
SSPM0                             00000000
SSPM1                             00000001
SSPM2                             00000002
SSPM3                             00000003
SSPOV                             00000006
SSPSTAT                           00000094
STATUS                            00000003
STK00                             00000000
STK01                             00000000
STK02                             00000000
STK03                             00000000
STK04                             00000000
STK05                             00000000
STK06                             00000000
STK07                             00000000
STK08                             00000000
STK09                             00000000
STK10                             00000000
STK11                             00000000
STK12                             00000000
SYNC                              00000004
T0CS                              00000005
T0IE                              00000005
T0IF                              00000002
T0SE                              00000004
T1CKPS0                           00000004
T1CKPS1                           00000005
T1CON                             00000010
T1INSYNC                          00000002
T1OSCEN                           00000003
T1SYNC                            00000002
T2CKPS0                           00000000
T2CKPS1                           00000001
T2CON                             00000012
TMR0                              00000001
TMR0IE                            00000005
TMR0IF                            00000002
TMR1                              0000000E
TMR1CS                            00000001
TMR1H                             0000000F
TMR1IE                            00000000
TMR1IF                            00000000
TMR1L                             0000000E
TMR1ON                            00000000
TMR2                              00000011
TMR2IE                            00000001
TMR2IF                            00000001
TMR2ON                            00000002
TOUTPS0                           00000003
gpasm-1.4.0 #1106 (Oct  6 2014) obj\Debug\cou   7-8-2020  23:39:24          PAGE 23


SYMBOL TABLE
  LABEL                             VALUE 

TOUTPS1                           00000004
TOUTPS2                           00000005
TOUTPS3                           00000006
TRISA                             00000085
TRISA0                            00000000
TRISA1                            00000001
TRISA2                            00000002
TRISA3                            00000003
TRISA4                            00000004
TRISA5                            00000005
TRISB                             00000086
TRISB0                            00000000
TRISB1                            00000001
TRISB2                            00000002
TRISB3                            00000003
TRISB4                            00000004
TRISB5                            00000005
TRISB6                            00000006
TRISB7                            00000007
TRISC                             00000087
TRISC0                            00000000
TRISC1                            00000001
TRISC2                            00000002
TRISC3                            00000003
TRISC4                            00000004
TRISC5                            00000005
TRISC6                            00000006
TRISC7                            00000007
TRISD                             00000088
TRISD0                            00000000
TRISD1                            00000001
TRISD2                            00000002
TRISD3                            00000003
TRISD4                            00000004
TRISD5                            00000005
TRISD6                            00000006
TRISD7                            00000007
TRISE                             00000089
TRISE0                            00000000
TRISE1                            00000001
TRISE2                            00000002
TRMT                              00000001
TX8_9                             00000006
TX9                               00000006
TX9D                              00000000
TXD8                              00000000
TXEN                              00000005
TXIE                              00000004
TXIF                              00000004
TXREG                             00000019
TXSTA                             00000098
UA                                00000001
W                                 00000000
gpasm-1.4.0 #1106 (Oct  6 2014) obj\Debug\cou   7-8-2020  23:39:24          PAGE 24


SYMBOL TABLE
  LABEL                             VALUE 

WCOL                              00000007
WR                                00000001
WREN                              00000002
WRERR                             00000003
WSAVE                             00000000
Z                                 00000002
_00114_DS_                        000000A3
_00115_DS_                        000000BE
_00127_DS_                        000000B7
_BODEN_OFF                        00003FBF
_BODEN_ON                         00003FFF
_BOREN_OFF                        00003FBF
_BOREN_ON                         00003FFF
_CNT_Init                         000000C9
_CNT_Setcount                     00000000
_CNT_Update                       00000092
_CONFIG                           00002007
_CPD_OFF                          00003FFF
_CPD_ON                           00003EFF
_CP_ALL                           00001FFF
_CP_OFF                           00003FFF
_CP_ON                            00001FFF
_DEBUG_OFF                        00003FFF
_DEBUG_ON                         000037FF
_DEVID1                           00002006
_FOSC_EXTRC                       00003FFF
_FOSC_HS                          00003FFE
_FOSC_LP                          00003FFC
_FOSC_XT                          00003FFD
_HS_OSC                           00003FFE
_IDLOC0                           00002000
_IDLOC1                           00002001
_IDLOC2                           00002002
_IDLOC3                           00002003
_LP_OSC                           00003FFC
_LVP_OFF                          00003F7F
_LVP_ON                           00003FFF
_PB_GetState                      00000000
_PB_Init                          00000000
_PB_Update                        00000000
_PWRTE_OFF                        00003FFF
_PWRTE_ON                         00003FF7
_RC_OSC                           00003FFF
_SSD_Init                         00000000
_SSD_SetState                     00000000
_SSD_SetSymbol                    00000000
_SSD_Update                       00000000
_WDTE_OFF                         00003FFB
_WDTE_ON                          00003FFF
_WDT_OFF                          00003FFB
_WDT_ON                           00003FFF
_WRT_1FOURTH                      00003BFF
_WRT_256                          00003DFF
gpasm-1.4.0 #1106 (Oct  6 2014) obj\Debug\cou   7-8-2020  23:39:24          PAGE 25


SYMBOL TABLE
  LABEL                             VALUE 

_WRT_HALF                         000039FF
_WRT_OFF                          00003FFF
_XT_OSC                           00003FFD
__16F877A                         00000001
__CODE_END                        00001FFF
__CODE_START                      00000000
__COMMON_RAM_END                  0000007F
__COMMON_RAM_START                00000070
__EEPROM_END                      000021FF
__EEPROM_START                    00002100
__VECTOR_INT                      00000004
__VECTOR_RESET                    00000000
__divuint                         00000000
__moduint                         00000000
_code_counter_000F                0000000F
_code_counter_001C                0000001C
_code_counter_002A                0000002A
_code_counter_003B                0000003B
_code_counter_0048                00000048
_code_counter_0056                00000056
_code_counter_0067                00000067
_code_counter_0074                00000074
_code_counter_0082                00000082
_code_counter_008F                0000008F
_code_counter_0096                00000096
_code_counter_00A7                000000A7
_code_counter_00C6                000000C6
_counter                          00000000
r0x1002                           00000002
r0x1003                           00000001
r0x1004                           00000004
r0x1005                           00000003
r0x1006                           00000005
r0x1007                           00000000

Errors   :     0
Warnings :     0 reported,     0 suppressed
Messages :     0 reported,     0 suppressed

