gpasm-1.4.0 #1106 (Oct  6 2014) obj\Debug\tim   7-8-2020  23:39:25          PAGE  1


LOC    OBJECT CODE    LINE  SOURCE TEXT
  VALUE

                      00001 ;--------------------------------------------------------
                      00002 ; File Created by SDCC : free open source ANSI-C Compiler
                      00003 ; Version 3.5.0 #9253 (Jun 20 2015) (MINGW32)
                      00004 ; This file was generated Wed Jul 08 23:39:25 2020
                      00005 ;--------------------------------------------------------
                      00006 ; PIC port for the 14-bit core
                      00007 ;--------------------------------------------------------
                      00008         .file   "timer.c"
                      00009         list    p=16f877a
                      00010         radix dec
                      00011         include "p16f877a.inc"
                      00001         LIST
                      00002 
                      00003 ;==========================================================================
                      00004 ; Build date : Aug 07 2014
                      00005 ;  MPASM PIC16F877A processor include
                      00006 ; 
                      00007 ;  (c) Copyright 1999-2014 Microchip Technology, All rights reserved
                      00008 ;==========================================================================
                      00009 
                      00567         LIST
                      00012 ;--------------------------------------------------------
                      00013 ; external declarations
                      00014 ;--------------------------------------------------------
  0000                00015         extern  _PB_Init
  0000                00016         extern  _PB_Update
  0000                00017         extern  _PB_GetState
  0000                00018         extern  _CNT_Init
  0000                00019         extern  _CNT_Update
  0000                00020         extern  _CNT_Setcount
  0000                00021         extern  _SSD_Init
  0000                00022         extern  _SSD_Update
  0000                00023         extern  _SSD_SetState
  0000                00024         extern  _SSD_SetSymbol
  0000                00025         extern  _STATUSbits
  0000                00026         extern  _PORTAbits
  0000                00027         extern  _PORTBbits
  0000                00028         extern  _PORTCbits
  0000                00029         extern  _PORTDbits
  0000                00030         extern  _PORTEbits
  0000                00031         extern  _INTCONbits
  0000                00032         extern  _PIR1bits
  0000                00033         extern  _PIR2bits
  0000                00034         extern  _T1CONbits
  0000                00035         extern  _T2CONbits
  0000                00036         extern  _SSPCONbits
  0000                00037         extern  _CCP1CONbits
  0000                00038         extern  _RCSTAbits
  0000                00039         extern  _CCP2CONbits
  0000                00040         extern  _ADCON0bits
  0000                00041         extern  _OPTION_REGbits
  0000                00042         extern  _TRISAbits
  0000                00043         extern  _TRISBbits
gpasm-1.4.0 #1106 (Oct  6 2014) obj\Debug\tim   7-8-2020  23:39:25          PAGE  2


LOC    OBJECT CODE    LINE  SOURCE TEXT
  VALUE

  0000                00044         extern  _TRISCbits
  0000                00045         extern  _TRISDbits
  0000                00046         extern  _TRISEbits
  0000                00047         extern  _PIE1bits
  0000                00048         extern  _PIE2bits
  0000                00049         extern  _PCONbits
  0000                00050         extern  _SSPCON2bits
  0000                00051         extern  _SSPSTATbits
  0000                00052         extern  _TXSTAbits
  0000                00053         extern  _CMCONbits
  0000                00054         extern  _CVRCONbits
  0000                00055         extern  _ADCON1bits
  0000                00056         extern  _EECON1bits
  0000                00057         extern  _INDF
  0000                00058         extern  _TMR0
  0000                00059         extern  _PCL
  0000                00060         extern  _STATUS
  0000                00061         extern  _FSR
  0000                00062         extern  _PORTA
  0000                00063         extern  _PORTB
  0000                00064         extern  _PORTC
  0000                00065         extern  _PORTD
  0000                00066         extern  _PORTE
  0000                00067         extern  _PCLATH
  0000                00068         extern  _INTCON
  0000                00069         extern  _PIR1
  0000                00070         extern  _PIR2
  0000                00071         extern  _TMR1
  0000                00072         extern  _TMR1L
  0000                00073         extern  _TMR1H
  0000                00074         extern  _T1CON
  0000                00075         extern  _TMR2
  0000                00076         extern  _T2CON
  0000                00077         extern  _SSPBUF
  0000                00078         extern  _SSPCON
  0000                00079         extern  _CCPR1
  0000                00080         extern  _CCPR1L
  0000                00081         extern  _CCPR1H
  0000                00082         extern  _CCP1CON
  0000                00083         extern  _RCSTA
  0000                00084         extern  _TXREG
  0000                00085         extern  _RCREG
  0000                00086         extern  _CCPR2
  0000                00087         extern  _CCPR2L
  0000                00088         extern  _CCPR2H
  0000                00089         extern  _CCP2CON
  0000                00090         extern  _ADRESH
  0000                00091         extern  _ADCON0
  0000                00092         extern  _OPTION_REG
  0000                00093         extern  _TRISA
  0000                00094         extern  _TRISB
  0000                00095         extern  _TRISC
  0000                00096         extern  _TRISD
gpasm-1.4.0 #1106 (Oct  6 2014) obj\Debug\tim   7-8-2020  23:39:25          PAGE  3


LOC    OBJECT CODE    LINE  SOURCE TEXT
  VALUE

  0000                00097         extern  _TRISE
  0000                00098         extern  _PIE1
  0000                00099         extern  _PIE2
  0000                00100         extern  _PCON
  0000                00101         extern  _SSPCON2
  0000                00102         extern  _PR2
  0000                00103         extern  _SSPADD
  0000                00104         extern  _SSPSTAT
  0000                00105         extern  _TXSTA
  0000                00106         extern  _SPBRG
  0000                00107         extern  _CMCON
  0000                00108         extern  _CVRCON
  0000                00109         extern  _ADRESL
  0000                00110         extern  _ADCON1
  0000                00111         extern  _EEDATA
  0000                00112         extern  _EEADR
  0000                00113         extern  _EEDATH
  0000                00114         extern  _EEADRH
  0000                00115         extern  _EECON1
  0000                00116         extern  _EECON2
  0000                00117         extern  ___sdcc_saved_fsr
                      00118 
  0000                00119         extern PSAVE
  0000                00120         extern SSAVE
  0000                00121         extern WSAVE
  0000                00122         extern STK12
  0000                00123         extern STK11
  0000                00124         extern STK10
  0000                00125         extern STK09
  0000                00126         extern STK08
  0000                00127         extern STK07
  0000                00128         extern STK06
  0000                00129         extern STK05
  0000                00130         extern STK04
  0000                00131         extern STK03
  0000                00132         extern STK02
  0000                00133         extern STK01
  0000                00134         extern STK00
                      00135 ;--------------------------------------------------------
                      00136 ; global declarations
                      00137 ;--------------------------------------------------------
  0000                00138         global  _TMR0_Update
  0000                00139         global  _TMR0_Start
  0000                00140         global  _TMR0_Init
                      00141 
                      00142 ;--------------------------------------------------------
                      00143 ; global definitions
                      00144 ;--------------------------------------------------------
                      00145 ;--------------------------------------------------------
                      00146 ; absolute symbol definitions
                      00147 ;--------------------------------------------------------
                      00148 ;--------------------------------------------------------
                      00149 ; compiler-defined variables
gpasm-1.4.0 #1106 (Oct  6 2014) obj\Debug\tim   7-8-2020  23:39:25          PAGE  4


LOC    OBJECT CODE    LINE  SOURCE TEXT
  VALUE

                      00150 ;--------------------------------------------------------
                      00151 UDL_timer_0     udata
0000                  00152 _TMR0_Update_counter_1_19       res     1
                      00153 ;--------------------------------------------------------
                      00154 ; initialized data
                      00155 ;--------------------------------------------------------
                      00156 ;--------------------------------------------------------
                      00157 ; overlayable items in internal ram 
                      00158 ;--------------------------------------------------------
                      00159 ;       udata_ovr
                      00160 ;--------------------------------------------------------
                      00161 ; interrupt and initialization code
                      00162 ;--------------------------------------------------------
                      00163 c_interrupt     code    0x4
0004                  00164 __sdcc_interrupt
                      00165 ;***
                      00166 ;  pBlock Stats: dbName = I
                      00167 ;***
                      00168 ;entry:  _TMR0_Update   ;Function start
                      00169 ; 0 exit points
                      00170 ;functions called:
                      00171 ;   _PB_Update
                      00172 ;   _CNT_Update
                      00173 ;   _SSD_Update
                      00174 ;   _PB_Update
                      00175 ;   _CNT_Update
                      00176 ;   _SSD_Update
                      00177 ;; Starting pCode block
                      00178 ;;; /home/sdcc-builder/build/sdcc-build/orig/sdcc/src/pic14/gen.c:2316:resultRemat *{*
                      00179 ;;; /home/sdcc-builder/build/sdcc-build/orig/sdcc/src/pic14/gen.c:2760:genLabel *{*
                      00180 ;; ***  genLabel  2763
                      00181 ;;; /home/sdcc-builder/build/sdcc-build/orig/sdcc/src/pic14/gen.c:2316:resultRemat *{*
                      00182 ;;; /home/sdcc-builder/build/sdcc-build/orig/sdcc/src/pic14/gen.c:2340:genFunction *{*
                      00183 ;; ***  genFunction  2342 curr label offset=8previous max_key=0 
0004                  00184 _TMR0_Update    ;Function start
                      00185 ; 0 exit points
                      00186 ;; >>> /home/sdcc-builder/build/sdcc-build/orig/sdcc/src/pic14/gen.c:2407:genFunction
                      00187         .line   34; "timer.c"   void TMR0_Update(void) __interrupt 0 // @ 5 ms
0004   00??           00188         MOVWF   WSAVE
                      00189 ;; >>> /home/sdcc-builder/build/sdcc-build/orig/sdcc/src/pic14/gen.c:2408:genFunction
0005   0E03           00190         SWAPF   STATUS,W
                      00191 ;; >>> /home/sdcc-builder/build/sdcc-build/orig/sdcc/src/pic14/gen.c:2413:genFunction
0006   0183           00192         CLRF    STATUS
                      00193 ;; >>> /home/sdcc-builder/build/sdcc-build/orig/sdcc/src/pic14/gen.c:2414:genFunction
0007   00??           00194         MOVWF   SSAVE
                      00195 ;; >>> /home/sdcc-builder/build/sdcc-build/orig/sdcc/src/pic14/gen.c:2416:genFunction
0008   080A           00196         MOVF    PCLATH,W
                      00197 ;; >>> /home/sdcc-builder/build/sdcc-build/orig/sdcc/src/pic14/gen.c:2418:genFunction
0009   018A           00198         CLRF    PCLATH
                      00199 ;; >>> /home/sdcc-builder/build/sdcc-build/orig/sdcc/src/pic14/gen.c:2419:genFunction
000A   00??           00200         MOVWF   PSAVE
                      00201 ;; >>> /home/sdcc-builder/build/sdcc-build/orig/sdcc/src/pic14/gen.c:2421:genFunction
000B   0804           00202         MOVF    FSR,W
gpasm-1.4.0 #1106 (Oct  6 2014) obj\Debug\tim   7-8-2020  23:39:25          PAGE  5


LOC    OBJECT CODE    LINE  SOURCE TEXT
  VALUE

                      00203 ;; >>> /home/sdcc-builder/build/sdcc-build/orig/sdcc/src/pic14/gen.c:2422:genFunction
000C   ???? ????      00204         BANKSEL ___sdcc_saved_fsr
000E   00??           00205         MOVWF   ___sdcc_saved_fsr
                      00206 ;;; /home/sdcc-builder/build/sdcc-build/orig/sdcc/src/pic14/gen.c:2316:resultRemat *{*
                      00207 ;; ***  genPlus  611
                      00208 ;;; /home/sdcc-builder/build/sdcc-build/orig/sdcc/src/pic14/genarith.c:612:genPlus *{*
                      00209 ;; ***  aopForSym 315
                      00210 ;;      327 sym->rname = _TMR0_Update_counter_1_19, size = 1
                      00211 ;;      575
                      00212 ;;      line = 618 result AOP_DIR=_TMR0_Update_counter_1_19, size=1, left AOP_DIR=_TMR0_Update_counter_1
                            _19, size=1, right AOP_LIT=0x05, size=1
                      00213 ;;; /home/sdcc-builder/build/sdcc-build/orig/sdcc/src/pic14/genarith.c:142:genPlusIncr *{*
                      00214 ;; ***  genPlusIncr  144
                      00215 ;;      result AOP_DIR, left AOP_DIR, right AOP_LIT
                      00216 ;;      genPlusIncr  156
                      00217 ;;      adding lit to something. size 1
                      00218 ;;; /home/sdcc-builder/build/sdcc-build/orig/sdcc/src/pic14/genarith.c:269:genAddLit *{*
                      00219 ;; ***  genAddLit  270
                      00220 ;;; /home/sdcc-builder/build/sdcc-build/orig/sdcc/src/pic14/genarith.c:233:genAddLit2byte *{*
                      00221 ;; >>> /home/sdcc-builder/build/sdcc-build/orig/sdcc/src/pic14/genarith.c:245:genAddLit2byte
                      00222         .line   38; "timer.c"   counter += TMR0_TICK_MS ;
000F   3005           00223         MOVLW   0x05
                      00224 ;; >>> /home/sdcc-builder/build/sdcc-build/orig/sdcc/src/pic14/genarith.c:246:genAddLit2byte
                      00225 ;;      1009
                      00226 ;;      1028  _TMR0_Update_counter_1_19   offset=0
0010   ???? ????      00227         BANKSEL _TMR0_Update_counter_1_19
0012   07??           00228         ADDWF   _TMR0_Update_counter_1_19,F
                      00229 ;; ***  addSign  861
                      00230 ;;; /home/sdcc-builder/build/sdcc-build/orig/sdcc/src/pic14/genarith.c:862:addSign *{*
                      00231 ;;; /home/sdcc-builder/build/sdcc-build/orig/sdcc/src/pic14/gen.c:2316:resultRemat *{*
                      00232 ;;; /home/sdcc-builder/build/sdcc-build/orig/sdcc/src/pic14/gen.c:3619:genCmpEq *{*
                      00233 ;; ***  genCmpEq  3620
                      00234 ;; ifx is non-null
                      00235 ;; ***  aopForSym 315
                      00236 ;;      327 sym->rname = _TMR0_Update_counter_1_19, size = 1
                      00237 ;;      line = 3631 result AOP_CRY=0x00, size=0, left AOP_DIR=_TMR0_Update_counter_1_19, size=1, right A
                            OP_LIT=0x14, size=1
                      00238 ;; ***  mov2w  1381  offset=0
                      00239 ;; >>> /home/sdcc-builder/build/sdcc-build/orig/sdcc/src/pic14/gen.c:1386:mov2w
                      00240 ;;      1009
                      00241 ;;      1028  _TMR0_Update_counter_1_19   offset=0
                      00242         .line   39; "timer.c"   if(counter == 20 )
0013   08??           00243         MOVF    _TMR0_Update_counter_1_19,W
                      00244 ;; >>> /home/sdcc-builder/build/sdcc-build/orig/sdcc/src/pic14/gen.c:3685:genCmpEq
0014   3A14           00245         XORLW   0x14
                      00246 ;; >>> /home/sdcc-builder/build/sdcc-build/orig/sdcc/src/pic14/gen.c:3687:genCmpEq
0015   1D03           00247         BTFSS   STATUS,2
                      00248 ;; >>> /home/sdcc-builder/build/sdcc-build/orig/sdcc/src/pic14/gen.c:3690:genCmpEq
                      00249 ;; ***  popGetLabel  key=2, label offset 12
0016   2???           00250         GOTO    _00114_DS_
                      00251 ;;; /home/sdcc-builder/build/sdcc-build/orig/sdcc/src/pic14/gen.c:2316:resultRemat *{*
                      00252 ;;; /home/sdcc-builder/build/sdcc-build/orig/sdcc/src/pic14/gen.c:2316:resultRemat *{*
                      00253 ;;; /home/sdcc-builder/build/sdcc-build/orig/sdcc/src/pic14/gen.c:2086:genCall *{*
gpasm-1.4.0 #1106 (Oct  6 2014) obj\Debug\tim   7-8-2020  23:39:25          PAGE  6


LOC    OBJECT CODE    LINE  SOURCE TEXT
  VALUE

                      00254 ;; ***  genCall  2088
                      00255 ;;; /home/sdcc-builder/build/sdcc-build/orig/sdcc/src/pic14/gen.c:1801:saveRegisters *{*
                      00256 ;; ***  saveRegisters  1803
                      00257 ;; >>> /home/sdcc-builder/build/sdcc-build/orig/sdcc/src/pic14/gen.c:2173:genCall
                      00258         .line   41; "timer.c"   PB_Update () ; // @20 ms
0017   ???? ????      00259         PAGESEL _PB_Update
                      00260 ;; >>> /home/sdcc-builder/build/sdcc-build/orig/sdcc/src/pic14/gen.c:2175:genCall
0019   2???           00261         CALL    _PB_Update
                      00262 ;; >>> /home/sdcc-builder/build/sdcc-build/orig/sdcc/src/pic14/gen.c:2181:genCall
001A   ???? ????      00263         PAGESEL $
                      00264 ;;; /home/sdcc-builder/build/sdcc-build/orig/sdcc/src/pic14/gen.c:1845:unsaveRegisters *{*
                      00265 ;; ***  unsaveRegisters  1847
                      00266 ;;; /home/sdcc-builder/build/sdcc-build/orig/sdcc/src/pic14/gen.c:2316:resultRemat *{*
                      00267 ;;; /home/sdcc-builder/build/sdcc-build/orig/sdcc/src/pic14/gen.c:2086:genCall *{*
                      00268 ;; ***  genCall  2088
                      00269 ;;; /home/sdcc-builder/build/sdcc-build/orig/sdcc/src/pic14/gen.c:1801:saveRegisters *{*
                      00270 ;; ***  saveRegisters  1803
                      00271 ;; >>> /home/sdcc-builder/build/sdcc-build/orig/sdcc/src/pic14/gen.c:2173:genCall
                      00272         .line   42; "timer.c"   CNT_Update() ; // @20 ms
001C   ???? ????      00273         PAGESEL _CNT_Update
                      00274 ;; >>> /home/sdcc-builder/build/sdcc-build/orig/sdcc/src/pic14/gen.c:2175:genCall
001E   2???           00275         CALL    _CNT_Update
                      00276 ;; >>> /home/sdcc-builder/build/sdcc-build/orig/sdcc/src/pic14/gen.c:2181:genCall
001F   ???? ????      00277         PAGESEL $
                      00278 ;;; /home/sdcc-builder/build/sdcc-build/orig/sdcc/src/pic14/gen.c:1845:unsaveRegisters *{*
                      00279 ;; ***  unsaveRegisters  1847
                      00280 ;;; /home/sdcc-builder/build/sdcc-build/orig/sdcc/src/pic14/gen.c:2316:resultRemat *{*
                      00281 ;;; /home/sdcc-builder/build/sdcc-build/orig/sdcc/src/pic14/gen.c:6927:genAssign *{*
                      00282 ;; ***  genAssign  6928
                      00283 ;; ***  aopForSym 315
                      00284 ;;      327 sym->rname = _TMR0_Update_counter_1_19, size = 1
                      00285 ;;      line = 6937 result AOP_DIR=_TMR0_Update_counter_1_19, size=1, left -=-, size=0, right AOP_LIT=0x
                            00, size=1
                      00286 ;; ***  genAssign  7023
                      00287 ;; >>> /home/sdcc-builder/build/sdcc-build/orig/sdcc/src/pic14/gen.c:7035:genAssign
                      00288 ;;      1009
                      00289 ;;      1028  _TMR0_Update_counter_1_19   offset=0
                      00290         .line   43; "timer.c"   counter = 0 ;
0021   ???? ????      00291         BANKSEL _TMR0_Update_counter_1_19
0023   01??           00292         CLRF    _TMR0_Update_counter_1_19
                      00293 ;;; /home/sdcc-builder/build/sdcc-build/orig/sdcc/src/pic14/gen.c:2316:resultRemat *{*
                      00294 ;;; /home/sdcc-builder/build/sdcc-build/orig/sdcc/src/pic14/gen.c:2760:genLabel *{*
                      00295 ;; ***  genLabel  2763
                      00296 ;;; /home/sdcc-builder/build/sdcc-build/orig/sdcc/src/pic14/gen.c:2316:resultRemat *{*
                      00297 ;;; /home/sdcc-builder/build/sdcc-build/orig/sdcc/src/pic14/gen.c:2086:genCall *{*
                      00298 ;; ***  genCall  2088
                      00299 ;;; /home/sdcc-builder/build/sdcc-build/orig/sdcc/src/pic14/gen.c:1801:saveRegisters *{*
                      00300 ;; ***  saveRegisters  1803
                      00301 ;; >>> /home/sdcc-builder/build/sdcc-build/orig/sdcc/src/pic14/gen.c:2173:genCall
0024                  00302 _00114_DS_
                      00303         .line   45; "timer.c"   SSD_Update () ; // @ 5 ms
0024   ???? ????      00304         PAGESEL _SSD_Update
                      00305 ;; >>> /home/sdcc-builder/build/sdcc-build/orig/sdcc/src/pic14/gen.c:2175:genCall
gpasm-1.4.0 #1106 (Oct  6 2014) obj\Debug\tim   7-8-2020  23:39:25          PAGE  7


LOC    OBJECT CODE    LINE  SOURCE TEXT
  VALUE

0026   2???           00306         CALL    _SSD_Update
                      00307 ;; >>> /home/sdcc-builder/build/sdcc-build/orig/sdcc/src/pic14/gen.c:2181:genCall
0027   ???? ????      00308         PAGESEL $
                      00309 ;;; /home/sdcc-builder/build/sdcc-build/orig/sdcc/src/pic14/gen.c:1845:unsaveRegisters *{*
                      00310 ;; ***  unsaveRegisters  1847
                      00311 ;;; /home/sdcc-builder/build/sdcc-build/orig/sdcc/src/pic14/gen.c:2316:resultRemat *{*
                      00312 ;;; /home/sdcc-builder/build/sdcc-build/orig/sdcc/src/pic14/gen.c:2316:resultRemat *{*
                      00313 ;;; /home/sdcc-builder/build/sdcc-build/orig/sdcc/src/pic14/gen.c:6686:genPointerSet *{*
                      00314 ;; ***  genPointerSet  6687
                      00315 ;;; /home/sdcc-builder/build/sdcc-build/orig/sdcc/src/pic14/gen.c:6505:genNearPointerSet *{*
                      00316 ;; ***  genNearPointerSet  6506
                      00317 ;;      613
                      00318 ;;      aopForRemat 392
                      00319 ;;      418: rname _INTCONbits, val 0, const = 0
                      00320 ;; ***  genNearPointerSet  6521
                      00321 ;;      833: aopGet AOP_PCODE type PO_IMMEDIATE
                      00322 ;;      _INTCONbits
                      00323 ;;      line = 6523 result AOP_PCODE=_INTCONbits, size=2, left -=-, size=0, right AOP_LIT=0x00, size=1
                      00324 ;;; /home/sdcc-builder/build/sdcc-build/orig/sdcc/src/pic14/gen.c:6249:genPackBits *{*
                      00325 ;; ***  genPackBits  6250
                      00326 ;;      833: aopGet AOP_PCODE type PO_IMMEDIATE
                      00327 ;;      _INTCONbits
                      00328 ;; >>> /home/sdcc-builder/build/sdcc-build/orig/sdcc/src/pic14/gen.c:6275:genPackBits
                      00329         .line   47; "timer.c"   TMR0_CLEAR_FLAG() ;
0029   ???? ????      00330         BANKSEL _INTCONbits
002B   11??           00331         BCF     _INTCONbits,2
                      00332 ;;; /home/sdcc-builder/build/sdcc-build/orig/sdcc/src/pic14/gen.c:2316:resultRemat *{*
                      00333 ;;; /home/sdcc-builder/build/sdcc-build/orig/sdcc/src/pic14/gen.c:6927:genAssign *{*
                      00334 ;; ***  genAssign  6928
                      00335 ;; ***  aopForSym 315
                      00336 ;;      327 sym->rname = _TMR0, size = 1
                      00337 ;;      line = 6937 result AOP_DIR=_TMR0, size=1, left -=-, size=0, right AOP_LIT=0xd8, size=1
                      00338 ;; ***  genAssign  7023
                      00339 ;; >>> /home/sdcc-builder/build/sdcc-build/orig/sdcc/src/pic14/gen.c:7030:genAssign
                      00340         .line   48; "timer.c"   TMR0_SET_TIME_MS(TMR0_TICK_MS);
002C   30D8           00341         MOVLW   0xd8
                      00342 ;; >>> /home/sdcc-builder/build/sdcc-build/orig/sdcc/src/pic14/gen.c:7032:genAssign
                      00343 ;;      1009
                      00344 ;;      1028  _TMR0   offset=0
002D   00??           00345         MOVWF   _TMR0
                      00346 ;;; /home/sdcc-builder/build/sdcc-build/orig/sdcc/src/pic14/gen.c:2316:resultRemat *{*
                      00347 ;;; /home/sdcc-builder/build/sdcc-build/orig/sdcc/src/pic14/gen.c:2760:genLabel *{*
                      00348 ;; ***  genLabel  2763
                      00349 ;;; /home/sdcc-builder/build/sdcc-build/orig/sdcc/src/pic14/gen.c:2316:resultRemat *{*
                      00350 ;;; /home/sdcc-builder/build/sdcc-build/orig/sdcc/src/pic14/gen.c:2528:genEndFunction *{*
                      00351 ;; ***  genEndFunction  2530
                      00352 ;;; /home/sdcc-builder/build/sdcc-build/orig/sdcc/src/pic14/gen.c:2023:unsaverbank *{*
                      00353 ;; ***  unsaverbank  2025 - WARNING no code generated
                      00354 ;; >>> /home/sdcc-builder/build/sdcc-build/orig/sdcc/src/pic14/gen.c:2622:genEndFunction
002E   ???? ????      00355         BANKSEL ___sdcc_saved_fsr
0030   08??           00356         MOVF    ___sdcc_saved_fsr,W
                      00357 ;; >>> /home/sdcc-builder/build/sdcc-build/orig/sdcc/src/pic14/gen.c:2623:genEndFunction
0031   1283 1303      00358         BANKSEL FSR
gpasm-1.4.0 #1106 (Oct  6 2014) obj\Debug\tim   7-8-2020  23:39:25          PAGE  8


LOC    OBJECT CODE    LINE  SOURCE TEXT
  VALUE

0033   0084           00359         MOVWF   FSR
                      00360 ;; >>> /home/sdcc-builder/build/sdcc-build/orig/sdcc/src/pic14/gen.c:2625:genEndFunction
0034   08??           00361         MOVF    PSAVE,W
                      00362 ;; >>> /home/sdcc-builder/build/sdcc-build/orig/sdcc/src/pic14/gen.c:2626:genEndFunction
0035   008A           00363         MOVWF   PCLATH
                      00364 ;; >>> /home/sdcc-builder/build/sdcc-build/orig/sdcc/src/pic14/gen.c:2627:genEndFunction
0036   0183           00365         CLRF    STATUS
                      00366 ;; >>> /home/sdcc-builder/build/sdcc-build/orig/sdcc/src/pic14/gen.c:2629:genEndFunction
0037   0E??           00367         SWAPF   SSAVE,W
                      00368 ;; >>> /home/sdcc-builder/build/sdcc-build/orig/sdcc/src/pic14/gen.c:2630:genEndFunction
0038   0083           00369         MOVWF   STATUS
                      00370 ;; >>> /home/sdcc-builder/build/sdcc-build/orig/sdcc/src/pic14/gen.c:2631:genEndFunction
0039   0E??           00371         SWAPF   WSAVE,F
                      00372 ;; >>> /home/sdcc-builder/build/sdcc-build/orig/sdcc/src/pic14/gen.c:2632:genEndFunction
003A   0E??           00373         SWAPF   WSAVE,W
003B                  00374 END_OF_INTERRUPT
003B   0009           00375         RETFIE  
                      00376 ;;; /home/sdcc-builder/build/sdcc-build/orig/sdcc/src/pic14/gen.c:7426:genpic14Code *{*
                      00377 
                      00378 ;--------------------------------------------------------
                      00379 ; code
                      00380 ;--------------------------------------------------------
                      00381 code_timer      code
                      00382 ;***
                      00383 ;  pBlock Stats: dbName = C
                      00384 ;***
                      00385 ;entry:  _TMR0_Start    ;Function start
                      00386 ; 2 exit points
                      00387 ;has an exit
                      00388 ;; Starting pCode block
                      00389 ;;; /home/sdcc-builder/build/sdcc-build/orig/sdcc/src/pic14/gen.c:2316:resultRemat *{*
                      00390 ;;; /home/sdcc-builder/build/sdcc-build/orig/sdcc/src/pic14/gen.c:2760:genLabel *{*
                      00391 ;; ***  genLabel  2763
                      00392 ;;; /home/sdcc-builder/build/sdcc-build/orig/sdcc/src/pic14/gen.c:2316:resultRemat *{*
                      00393 ;;; /home/sdcc-builder/build/sdcc-build/orig/sdcc/src/pic14/gen.c:2340:genFunction *{*
                      00394 ;; ***  genFunction  2342 curr label offset=4previous max_key=0 
0000                  00395 _TMR0_Start     ;Function start
                      00396 ; 2 exit points
                      00397 ;;; /home/sdcc-builder/build/sdcc-build/orig/sdcc/src/pic14/gen.c:2316:resultRemat *{*
                      00398 ;;; /home/sdcc-builder/build/sdcc-build/orig/sdcc/src/pic14/gen.c:2316:resultRemat *{*
                      00399 ;;; /home/sdcc-builder/build/sdcc-build/orig/sdcc/src/pic14/gen.c:6686:genPointerSet *{*
                      00400 ;; ***  genPointerSet  6687
                      00401 ;;; /home/sdcc-builder/build/sdcc-build/orig/sdcc/src/pic14/gen.c:6505:genNearPointerSet *{*
                      00402 ;; ***  genNearPointerSet  6506
                      00403 ;;      613
                      00404 ;;      aopForRemat 392
                      00405 ;;      418: rname _INTCONbits, val 0, const = 0
                      00406 ;; ***  genNearPointerSet  6521
                      00407 ;;      833: aopGet AOP_PCODE type PO_IMMEDIATE
                      00408 ;;      _INTCONbits
                      00409 ;;      line = 6523 result AOP_PCODE=_INTCONbits, size=2, left -=-, size=0, right AOP_LIT=0x00, size=1
                      00410 ;;; /home/sdcc-builder/build/sdcc-build/orig/sdcc/src/pic14/gen.c:6249:genPackBits *{*
                      00411 ;; ***  genPackBits  6250
gpasm-1.4.0 #1106 (Oct  6 2014) obj\Debug\tim   7-8-2020  23:39:25          PAGE  9


LOC    OBJECT CODE    LINE  SOURCE TEXT
  VALUE

                      00412 ;;      833: aopGet AOP_PCODE type PO_IMMEDIATE
                      00413 ;;      _INTCONbits
                      00414 ;; >>> /home/sdcc-builder/build/sdcc-build/orig/sdcc/src/pic14/gen.c:6275:genPackBits
                      00415         .line   30; "timer.c"   TMR0_CLEAR_FLAG() ;
0000   ???? ????      00416         BANKSEL _INTCONbits
0002   11??           00417         BCF     _INTCONbits,2
                      00418 ;;; /home/sdcc-builder/build/sdcc-build/orig/sdcc/src/pic14/gen.c:2316:resultRemat *{*
                      00419 ;;; /home/sdcc-builder/build/sdcc-build/orig/sdcc/src/pic14/gen.c:6927:genAssign *{*
                      00420 ;; ***  genAssign  6928
                      00421 ;; ***  aopForSym 315
                      00422 ;;      327 sym->rname = _TMR0, size = 1
                      00423 ;;      line = 6937 result AOP_DIR=_TMR0, size=1, left -=-, size=0, right AOP_LIT=0xd8, size=1
                      00424 ;; ***  genAssign  7023
                      00425 ;; >>> /home/sdcc-builder/build/sdcc-build/orig/sdcc/src/pic14/gen.c:7030:genAssign
                      00426         .line   31; "timer.c"   TMR0_SET_TIME_MS(TMR0_TICK_MS);
0003   30D8           00427         MOVLW   0xd8
                      00428 ;; >>> /home/sdcc-builder/build/sdcc-build/orig/sdcc/src/pic14/gen.c:7032:genAssign
                      00429 ;;      1009
                      00430 ;;      1028  _TMR0   offset=0
0004   00??           00431         MOVWF   _TMR0
                      00432 ;;; /home/sdcc-builder/build/sdcc-build/orig/sdcc/src/pic14/gen.c:2316:resultRemat *{*
                      00433 ;;; /home/sdcc-builder/build/sdcc-build/orig/sdcc/src/pic14/gen.c:2316:resultRemat *{*
                      00434 ;;; /home/sdcc-builder/build/sdcc-build/orig/sdcc/src/pic14/gen.c:6686:genPointerSet *{*
                      00435 ;; ***  genPointerSet  6687
                      00436 ;;; /home/sdcc-builder/build/sdcc-build/orig/sdcc/src/pic14/gen.c:6505:genNearPointerSet *{*
                      00437 ;; ***  genNearPointerSet  6506
                      00438 ;;      613
                      00439 ;;      aopForRemat 392
                      00440 ;;      418: rname _OPTION_REGbits, val 0, const = 0
                      00441 ;; ***  genNearPointerSet  6521
                      00442 ;;      833: aopGet AOP_PCODE type PO_IMMEDIATE
                      00443 ;;      _OPTION_REGbits
                      00444 ;;      line = 6523 result AOP_PCODE=_OPTION_REGbits, size=2, left -=-, size=0, right AOP_LIT=0x00, size
                            =1
                      00445 ;;; /home/sdcc-builder/build/sdcc-build/orig/sdcc/src/pic14/gen.c:6249:genPackBits *{*
                      00446 ;; ***  genPackBits  6250
                      00447 ;;      833: aopGet AOP_PCODE type PO_IMMEDIATE
                      00448 ;;      _OPTION_REGbits
                      00449 ;; >>> /home/sdcc-builder/build/sdcc-build/orig/sdcc/src/pic14/gen.c:6275:genPackBits
                      00450         .line   32; "timer.c"   TMR0_SELECT_CLOCK_SOURCE(0);
0005   ???? ????      00451         BANKSEL _OPTION_REGbits
0007   12??           00452         BCF     _OPTION_REGbits,5
                      00453 ;;; /home/sdcc-builder/build/sdcc-build/orig/sdcc/src/pic14/gen.c:2316:resultRemat *{*
                      00454 ;;; /home/sdcc-builder/build/sdcc-build/orig/sdcc/src/pic14/gen.c:2760:genLabel *{*
                      00455 ;; ***  genLabel  2763
                      00456 ;;; /home/sdcc-builder/build/sdcc-build/orig/sdcc/src/pic14/gen.c:2316:resultRemat *{*
                      00457 ;;; /home/sdcc-builder/build/sdcc-build/orig/sdcc/src/pic14/gen.c:2528:genEndFunction *{*
                      00458 ;; ***  genEndFunction  2530
0008   0008           00459         RETURN  
                      00460 ; exit point of _TMR0_Start
                      00461 ;;; /home/sdcc-builder/build/sdcc-build/orig/sdcc/src/pic14/gen.c:7426:genpic14Code *{*
                      00462 
                      00463 ;***
gpasm-1.4.0 #1106 (Oct  6 2014) obj\Debug\tim   7-8-2020  23:39:25          PAGE 10


LOC    OBJECT CODE    LINE  SOURCE TEXT
  VALUE

                      00464 ;  pBlock Stats: dbName = C
                      00465 ;***
                      00466 ;entry:  _TMR0_Init     ;Function start
                      00467 ; 2 exit points
                      00468 ;has an exit
                      00469 ;; Starting pCode block
                      00470 ;;; /home/sdcc-builder/build/sdcc-build/orig/sdcc/src/pic14/gen.c:2316:resultRemat *{*
                      00471 ;;; /home/sdcc-builder/build/sdcc-build/orig/sdcc/src/pic14/gen.c:2760:genLabel *{*
                      00472 ;; ***  genLabel  2763
                      00473 ;;; /home/sdcc-builder/build/sdcc-build/orig/sdcc/src/pic14/gen.c:2316:resultRemat *{*
                      00474 ;;; /home/sdcc-builder/build/sdcc-build/orig/sdcc/src/pic14/gen.c:2340:genFunction *{*
                      00475 ;; ***  genFunction  2342 curr label offset=0previous max_key=0 
0009                  00476 _TMR0_Init      ;Function start
                      00477 ; 2 exit points
                      00478 ;;; /home/sdcc-builder/build/sdcc-build/orig/sdcc/src/pic14/gen.c:2316:resultRemat *{*
                      00479 ;;; /home/sdcc-builder/build/sdcc-build/orig/sdcc/src/pic14/gen.c:2316:resultRemat *{*
                      00480 ;;; /home/sdcc-builder/build/sdcc-build/orig/sdcc/src/pic14/gen.c:6686:genPointerSet *{*
                      00481 ;; ***  genPointerSet  6687
                      00482 ;;; /home/sdcc-builder/build/sdcc-build/orig/sdcc/src/pic14/gen.c:6505:genNearPointerSet *{*
                      00483 ;; ***  genNearPointerSet  6506
                      00484 ;;      613
                      00485 ;;      aopForRemat 392
                      00486 ;;      418: rname _OPTION_REGbits, val 0, const = 0
                      00487 ;; ***  genNearPointerSet  6521
                      00488 ;;      833: aopGet AOP_PCODE type PO_IMMEDIATE
                      00489 ;;      _OPTION_REGbits
                      00490 ;;      line = 6523 result AOP_PCODE=_OPTION_REGbits, size=2, left -=-, size=0, right AOP_LIT=0x00, size
                            =1
                      00491 ;;; /home/sdcc-builder/build/sdcc-build/orig/sdcc/src/pic14/gen.c:6249:genPackBits *{*
                      00492 ;; ***  genPackBits  6250
                      00493 ;;      833: aopGet AOP_PCODE type PO_IMMEDIATE
                      00494 ;;      _OPTION_REGbits
                      00495 ;; >>> /home/sdcc-builder/build/sdcc-build/orig/sdcc/src/pic14/gen.c:6275:genPackBits
                      00496         .line   23; "timer.c"   TMR0_SET_PRE_SCALER(7);
0009   ???? ????      00497         BANKSEL _OPTION_REGbits
000B   11??           00498         BCF     _OPTION_REGbits,3
                      00499 ;;; /home/sdcc-builder/build/sdcc-build/orig/sdcc/src/pic14/gen.c:2316:resultRemat *{*
                      00500 ;;; /home/sdcc-builder/build/sdcc-build/orig/sdcc/src/pic14/gen.c:2316:resultRemat *{*
                      00501 ;;; /home/sdcc-builder/build/sdcc-build/orig/sdcc/src/pic14/gen.c:6686:genPointerSet *{*
                      00502 ;; ***  genPointerSet  6687
                      00503 ;;; /home/sdcc-builder/build/sdcc-build/orig/sdcc/src/pic14/gen.c:6505:genNearPointerSet *{*
                      00504 ;; ***  genNearPointerSet  6506
                      00505 ;;      613
                      00506 ;;      aopForRemat 392
                      00507 ;;      418: rname _OPTION_REGbits, val 0, const = 0
                      00508 ;; ***  genNearPointerSet  6521
                      00509 ;;      833: aopGet AOP_PCODE type PO_IMMEDIATE
                      00510 ;;      _OPTION_REGbits
                      00511 ;;      line = 6523 result AOP_PCODE=_OPTION_REGbits, size=2, left -=-, size=0, right AOP_LIT=0x01, size
                            =1
                      00512 ;;; /home/sdcc-builder/build/sdcc-build/orig/sdcc/src/pic14/gen.c:6249:genPackBits *{*
                      00513 ;; ***  genPackBits  6250
                      00514 ;;      833: aopGet AOP_PCODE type PO_IMMEDIATE
gpasm-1.4.0 #1106 (Oct  6 2014) obj\Debug\tim   7-8-2020  23:39:25          PAGE 11


LOC    OBJECT CODE    LINE  SOURCE TEXT
  VALUE

                      00515 ;;      _OPTION_REGbits
                      00516 ;; >>> /home/sdcc-builder/build/sdcc-build/orig/sdcc/src/pic14/gen.c:6275:genPackBits
000C   14??           00517         BSF     _OPTION_REGbits,0
                      00518 ;;; /home/sdcc-builder/build/sdcc-build/orig/sdcc/src/pic14/gen.c:2316:resultRemat *{*
                      00519 ;;; /home/sdcc-builder/build/sdcc-build/orig/sdcc/src/pic14/gen.c:2316:resultRemat *{*
                      00520 ;;; /home/sdcc-builder/build/sdcc-build/orig/sdcc/src/pic14/gen.c:6686:genPointerSet *{*
                      00521 ;; ***  genPointerSet  6687
                      00522 ;;; /home/sdcc-builder/build/sdcc-build/orig/sdcc/src/pic14/gen.c:6505:genNearPointerSet *{*
                      00523 ;; ***  genNearPointerSet  6506
                      00524 ;;      613
                      00525 ;;      aopForRemat 392
                      00526 ;;      418: rname _OPTION_REGbits, val 0, const = 0
                      00527 ;; ***  genNearPointerSet  6521
                      00528 ;;      833: aopGet AOP_PCODE type PO_IMMEDIATE
                      00529 ;;      _OPTION_REGbits
                      00530 ;;      line = 6523 result AOP_PCODE=_OPTION_REGbits, size=2, left -=-, size=0, right AOP_LIT=0x01, size
                            =1
                      00531 ;;; /home/sdcc-builder/build/sdcc-build/orig/sdcc/src/pic14/gen.c:6249:genPackBits *{*
                      00532 ;; ***  genPackBits  6250
                      00533 ;;      833: aopGet AOP_PCODE type PO_IMMEDIATE
                      00534 ;;      _OPTION_REGbits
                      00535 ;; >>> /home/sdcc-builder/build/sdcc-build/orig/sdcc/src/pic14/gen.c:6275:genPackBits
000D   14??           00536         BSF     _OPTION_REGbits,1
                      00537 ;;; /home/sdcc-builder/build/sdcc-build/orig/sdcc/src/pic14/gen.c:2316:resultRemat *{*
                      00538 ;;; /home/sdcc-builder/build/sdcc-build/orig/sdcc/src/pic14/gen.c:2316:resultRemat *{*
                      00539 ;;; /home/sdcc-builder/build/sdcc-build/orig/sdcc/src/pic14/gen.c:6686:genPointerSet *{*
                      00540 ;; ***  genPointerSet  6687
                      00541 ;;; /home/sdcc-builder/build/sdcc-build/orig/sdcc/src/pic14/gen.c:6505:genNearPointerSet *{*
                      00542 ;; ***  genNearPointerSet  6506
                      00543 ;;      613
                      00544 ;;      aopForRemat 392
                      00545 ;;      418: rname _OPTION_REGbits, val 0, const = 0
                      00546 ;; ***  genNearPointerSet  6521
                      00547 ;;      833: aopGet AOP_PCODE type PO_IMMEDIATE
                      00548 ;;      _OPTION_REGbits
                      00549 ;;      line = 6523 result AOP_PCODE=_OPTION_REGbits, size=2, left -=-, size=0, right AOP_LIT=0x01, size
                            =1
                      00550 ;;; /home/sdcc-builder/build/sdcc-build/orig/sdcc/src/pic14/gen.c:6249:genPackBits *{*
                      00551 ;; ***  genPackBits  6250
                      00552 ;;      833: aopGet AOP_PCODE type PO_IMMEDIATE
                      00553 ;;      _OPTION_REGbits
                      00554 ;; >>> /home/sdcc-builder/build/sdcc-build/orig/sdcc/src/pic14/gen.c:6275:genPackBits
000E   15??           00555         BSF     _OPTION_REGbits,2
                      00556 ;;; /home/sdcc-builder/build/sdcc-build/orig/sdcc/src/pic14/gen.c:2316:resultRemat *{*
                      00557 ;;; /home/sdcc-builder/build/sdcc-build/orig/sdcc/src/pic14/gen.c:2316:resultRemat *{*
                      00558 ;;; /home/sdcc-builder/build/sdcc-build/orig/sdcc/src/pic14/gen.c:6686:genPointerSet *{*
                      00559 ;; ***  genPointerSet  6687
                      00560 ;;; /home/sdcc-builder/build/sdcc-build/orig/sdcc/src/pic14/gen.c:6505:genNearPointerSet *{*
                      00561 ;; ***  genNearPointerSet  6506
                      00562 ;;      613
                      00563 ;;      aopForRemat 392
                      00564 ;;      418: rname _OPTION_REGbits, val 0, const = 0
                      00565 ;; ***  genNearPointerSet  6521
gpasm-1.4.0 #1106 (Oct  6 2014) obj\Debug\tim   7-8-2020  23:39:25          PAGE 12


LOC    OBJECT CODE    LINE  SOURCE TEXT
  VALUE

                      00566 ;;      833: aopGet AOP_PCODE type PO_IMMEDIATE
                      00567 ;;      _OPTION_REGbits
                      00568 ;;      line = 6523 result AOP_PCODE=_OPTION_REGbits, size=2, left -=-, size=0, right AOP_LIT=0x00, size
                            =1
                      00569 ;;; /home/sdcc-builder/build/sdcc-build/orig/sdcc/src/pic14/gen.c:6249:genPackBits *{*
                      00570 ;; ***  genPackBits  6250
                      00571 ;;      833: aopGet AOP_PCODE type PO_IMMEDIATE
                      00572 ;;      _OPTION_REGbits
                      00573 ;; >>> /home/sdcc-builder/build/sdcc-build/orig/sdcc/src/pic14/gen.c:6275:genPackBits
                      00574         .line   24; "timer.c"   TMR0_SELECT_CLOCK_SOURCE(0);
000F   12??           00575         BCF     _OPTION_REGbits,5
                      00576 ;;; /home/sdcc-builder/build/sdcc-build/orig/sdcc/src/pic14/gen.c:2316:resultRemat *{*
                      00577 ;;; /home/sdcc-builder/build/sdcc-build/orig/sdcc/src/pic14/gen.c:2316:resultRemat *{*
                      00578 ;;; /home/sdcc-builder/build/sdcc-build/orig/sdcc/src/pic14/gen.c:6686:genPointerSet *{*
                      00579 ;; ***  genPointerSet  6687
                      00580 ;;; /home/sdcc-builder/build/sdcc-build/orig/sdcc/src/pic14/gen.c:6505:genNearPointerSet *{*
                      00581 ;; ***  genNearPointerSet  6506
                      00582 ;;      613
                      00583 ;;      aopForRemat 392
                      00584 ;;      418: rname _INTCONbits, val 0, const = 0
                      00585 ;; ***  genNearPointerSet  6521
                      00586 ;;      833: aopGet AOP_PCODE type PO_IMMEDIATE
                      00587 ;;      _INTCONbits
                      00588 ;;      line = 6523 result AOP_PCODE=_INTCONbits, size=2, left -=-, size=0, right AOP_LIT=0x01, size=1
                      00589 ;;; /home/sdcc-builder/build/sdcc-build/orig/sdcc/src/pic14/gen.c:6249:genPackBits *{*
                      00590 ;; ***  genPackBits  6250
                      00591 ;;      833: aopGet AOP_PCODE type PO_IMMEDIATE
                      00592 ;;      _INTCONbits
                      00593 ;; >>> /home/sdcc-builder/build/sdcc-build/orig/sdcc/src/pic14/gen.c:6275:genPackBits
                      00594         .line   25; "timer.c"   GIE = 1 ;
0010   ???? ????      00595         BANKSEL _INTCONbits
0012   17??           00596         BSF     _INTCONbits,7
                      00597 ;;; /home/sdcc-builder/build/sdcc-build/orig/sdcc/src/pic14/gen.c:2316:resultRemat *{*
                      00598 ;;; /home/sdcc-builder/build/sdcc-build/orig/sdcc/src/pic14/gen.c:2316:resultRemat *{*
                      00599 ;;; /home/sdcc-builder/build/sdcc-build/orig/sdcc/src/pic14/gen.c:6686:genPointerSet *{*
                      00600 ;; ***  genPointerSet  6687
                      00601 ;;; /home/sdcc-builder/build/sdcc-build/orig/sdcc/src/pic14/gen.c:6505:genNearPointerSet *{*
                      00602 ;; ***  genNearPointerSet  6506
                      00603 ;;      613
                      00604 ;;      aopForRemat 392
                      00605 ;;      418: rname _INTCONbits, val 0, const = 0
                      00606 ;; ***  genNearPointerSet  6521
                      00607 ;;      833: aopGet AOP_PCODE type PO_IMMEDIATE
                      00608 ;;      _INTCONbits
                      00609 ;;      line = 6523 result AOP_PCODE=_INTCONbits, size=2, left -=-, size=0, right AOP_LIT=0x01, size=1
                      00610 ;;; /home/sdcc-builder/build/sdcc-build/orig/sdcc/src/pic14/gen.c:6249:genPackBits *{*
                      00611 ;; ***  genPackBits  6250
                      00612 ;;      833: aopGet AOP_PCODE type PO_IMMEDIATE
                      00613 ;;      _INTCONbits
                      00614 ;; >>> /home/sdcc-builder/build/sdcc-build/orig/sdcc/src/pic14/gen.c:6275:genPackBits
                      00615         .line   26; "timer.c"   TMR0_SET_INT_STATE(1) ;
0013   16??           00616         BSF     _INTCONbits,5
                      00617 ;;; /home/sdcc-builder/build/sdcc-build/orig/sdcc/src/pic14/gen.c:2316:resultRemat *{*
gpasm-1.4.0 #1106 (Oct  6 2014) obj\Debug\tim   7-8-2020  23:39:25          PAGE 13


LOC    OBJECT CODE    LINE  SOURCE TEXT
  VALUE

                      00618 ;;; /home/sdcc-builder/build/sdcc-build/orig/sdcc/src/pic14/gen.c:2760:genLabel *{*
                      00619 ;; ***  genLabel  2763
                      00620 ;;; /home/sdcc-builder/build/sdcc-build/orig/sdcc/src/pic14/gen.c:2316:resultRemat *{*
                      00621 ;;; /home/sdcc-builder/build/sdcc-build/orig/sdcc/src/pic14/gen.c:2528:genEndFunction *{*
                      00622 ;; ***  genEndFunction  2530
0014   0008           00623         RETURN  
                      00624 ; exit point of _TMR0_Init
                      00625 ;;; /home/sdcc-builder/build/sdcc-build/orig/sdcc/src/pic14/gen.c:7426:genpic14Code *{*
                      00626 
                      00627 
                      00628 ;       code size estimation:
                      00629 ;          45+   16 =    61 instructions (  154 byte)
                      00630 
                      00631         end
gpasm-1.4.0 #1106 (Oct  6 2014) obj\Debug\tim   7-8-2020  23:39:25          PAGE 14


SYMBOL TABLE
  LABEL                             VALUE

ACKDT                             00000005
ACKEN                             00000004
ACKSTAT                           00000006
ADCON0                            0000001F
ADCON1                            0000009F
ADCS0                             00000006
ADCS1                             00000007
ADCS2                             00000006
ADDEN                             00000003
ADFM                              00000007
ADIE                              00000006
ADIF                              00000006
ADON                              00000000
ADRESH                            0000001E
ADRESL                            0000009E
BCLIE                             00000003
BCLIF                             00000003
BF                                00000000
BRGH                              00000002
C                                 00000000
C1INV                             00000004
C1OUT                             00000006
C2INV                             00000005
C2OUT                             00000007
CCP1CON                           00000017
CCP1IE                            00000002
CCP1IF                            00000002
CCP1M0                            00000000
CCP1M1                            00000001
CCP1M2                            00000002
CCP1M3                            00000003
CCP1X                             00000005
CCP1Y                             00000004
CCP2CON                           0000001D
CCP2IE                            00000000
CCP2IF                            00000000
CCP2M0                            00000000
CCP2M1                            00000001
CCP2M2                            00000002
CCP2M3                            00000003
CCP2X                             00000005
CCP2Y                             00000004
CCPR1                             00000015
CCPR1H                            00000016
CCPR1L                            00000015
CCPR2                             0000001B
CCPR2H                            0000001C
CCPR2L                            0000001B
CHS0                              00000003
CHS1                              00000004
CHS2                              00000005
CIS                               00000003
CKE                               00000006
gpasm-1.4.0 #1106 (Oct  6 2014) obj\Debug\tim   7-8-2020  23:39:25          PAGE 15


SYMBOL TABLE
  LABEL                             VALUE 

CKP                               00000004
CM0                               00000000
CM1                               00000001
CM2                               00000002
CMCON                             0000009C
CMIE                              00000006
CMIF                              00000006
CREN                              00000004
CSRC                              00000007
CVR0                              00000000
CVR1                              00000001
CVR2                              00000002
CVR3                              00000003
CVRCON                            0000009D
CVREN                             00000007
CVROE                             00000006
CVRR                              00000005
D                                 00000005
DATA_ADDRESS                      00000005
DC                                00000001
D_A                               00000005
D_NOT_A                           00000005
EEADR                             0000010D
EEADRH                            0000010F
EECON1                            0000018C
EECON2                            0000018D
EEDATA                            0000010C
EEDATH                            0000010E
EEIE                              00000004
EEIF                              00000004
EEPGD                             00000007
END_OF_INTERRUPT                  0000003B
F                                 00000001
FERR                              00000002
FSR                               00000004
GCEN                              00000007
GIE                               00000007
GO                                00000002
GO_DONE                           00000002
GO_NOT_DONE                       00000002
I2C_DATA                          00000005
I2C_READ                          00000002
I2C_START                         00000003
I2C_STOP                          00000004
IBF                               00000007
IBOV                              00000005
INDF                              00000000
INTCON                            0000000B
INTE                              00000004
INTEDG                            00000006
INTF                              00000001
IRP                               00000007
NOT_A                             00000005
gpasm-1.4.0 #1106 (Oct  6 2014) obj\Debug\tim   7-8-2020  23:39:25          PAGE 16


SYMBOL TABLE
  LABEL                             VALUE 

NOT_ADDRESS                       00000005
NOT_BO                            00000000
NOT_BOR                           00000000
NOT_DONE                          00000002
NOT_PD                            00000003
NOT_POR                           00000001
NOT_RBPU                          00000007
NOT_RC8                           00000006
NOT_T1SYNC                        00000002
NOT_TO                            00000004
NOT_TX8                           00000006
NOT_W                             00000002
NOT_WRITE                         00000002
OBF                               00000006
OERR                              00000001
OPTION_REG                        00000081
P                                 00000004
PCFG0                             00000000
PCFG1                             00000001
PCFG2                             00000002
PCFG3                             00000003
PCL                               00000002
PCLATH                            0000000A
PCON                              0000008E
PEIE                              00000006
PEN                               00000002
PIE1                              0000008C
PIE2                              0000008D
PIR1                              0000000C
PIR2                              0000000D
PORTA                             00000005
PORTB                             00000006
PORTC                             00000007
PORTD                             00000008
PORTE                             00000009
PR2                               00000092
PS0                               00000000
PS1                               00000001
PS2                               00000002
PSA                               00000003
PSAVE                             00000000
PSPIE                             00000007
PSPIF                             00000007
PSPMODE                           00000004
R                                 00000002
RA0                               00000000
RA1                               00000001
RA2                               00000002
RA3                               00000003
RA4                               00000004
RA5                               00000005
RB0                               00000000
RB1                               00000001
gpasm-1.4.0 #1106 (Oct  6 2014) obj\Debug\tim   7-8-2020  23:39:25          PAGE 17


SYMBOL TABLE
  LABEL                             VALUE 

RB2                               00000002
RB3                               00000003
RB4                               00000004
RB5                               00000005
RB6                               00000006
RB7                               00000007
RBIE                              00000003
RBIF                              00000000
RC0                               00000000
RC1                               00000001
RC2                               00000002
RC3                               00000003
RC4                               00000004
RC5                               00000005
RC6                               00000006
RC7                               00000007
RC8_9                             00000006
RC9                               00000006
RCD8                              00000000
RCEN                              00000003
RCIE                              00000005
RCIF                              00000005
RCREG                             0000001A
RCSTA                             00000018
RD                                00000000
RD0                               00000000
RD1                               00000001
RD2                               00000002
RD3                               00000003
RD4                               00000004
RD5                               00000005
RD6                               00000006
RD7                               00000007
RE0                               00000000
RE1                               00000001
RE2                               00000002
READ_WRITE                        00000002
RP0                               00000005
RP1                               00000006
RSEN                              00000001
RX9                               00000006
RX9D                              00000000
R_NOT_W                           00000002
R_W                               00000002
S                                 00000003
SEN                               00000000
SMP                               00000007
SPBRG                             00000099
SPEN                              00000007
SREN                              00000005
SSAVE                             00000000
SSPADD                            00000093
SSPBUF                            00000013
gpasm-1.4.0 #1106 (Oct  6 2014) obj\Debug\tim   7-8-2020  23:39:25          PAGE 18


SYMBOL TABLE
  LABEL                             VALUE 

SSPCON                            00000014
SSPCON2                           00000091
SSPEN                             00000005
SSPIE                             00000003
SSPIF                             00000003
SSPM0                             00000000
SSPM1                             00000001
SSPM2                             00000002
SSPM3                             00000003
SSPOV                             00000006
SSPSTAT                           00000094
STATUS                            00000003
STK00                             00000000
STK01                             00000000
STK02                             00000000
STK03                             00000000
STK04                             00000000
STK05                             00000000
STK06                             00000000
STK07                             00000000
STK08                             00000000
STK09                             00000000
STK10                             00000000
STK11                             00000000
STK12                             00000000
SYNC                              00000004
T0CS                              00000005
T0IE                              00000005
T0IF                              00000002
T0SE                              00000004
T1CKPS0                           00000004
T1CKPS1                           00000005
T1CON                             00000010
T1INSYNC                          00000002
T1OSCEN                           00000003
T1SYNC                            00000002
T2CKPS0                           00000000
T2CKPS1                           00000001
T2CON                             00000012
TMR0                              00000001
TMR0IE                            00000005
TMR0IF                            00000002
TMR1                              0000000E
TMR1CS                            00000001
TMR1H                             0000000F
TMR1IE                            00000000
TMR1IF                            00000000
TMR1L                             0000000E
TMR1ON                            00000000
TMR2                              00000011
TMR2IE                            00000001
TMR2IF                            00000001
TMR2ON                            00000002
gpasm-1.4.0 #1106 (Oct  6 2014) obj\Debug\tim   7-8-2020  23:39:25          PAGE 19


SYMBOL TABLE
  LABEL                             VALUE 

TOUTPS0                           00000003
TOUTPS1                           00000004
TOUTPS2                           00000005
TOUTPS3                           00000006
TRISA                             00000085
TRISA0                            00000000
TRISA1                            00000001
TRISA2                            00000002
TRISA3                            00000003
TRISA4                            00000004
TRISA5                            00000005
TRISB                             00000086
TRISB0                            00000000
TRISB1                            00000001
TRISB2                            00000002
TRISB3                            00000003
TRISB4                            00000004
TRISB5                            00000005
TRISB6                            00000006
TRISB7                            00000007
TRISC                             00000087
TRISC0                            00000000
TRISC1                            00000001
TRISC2                            00000002
TRISC3                            00000003
TRISC4                            00000004
TRISC5                            00000005
TRISC6                            00000006
TRISC7                            00000007
TRISD                             00000088
TRISD0                            00000000
TRISD1                            00000001
TRISD2                            00000002
TRISD3                            00000003
TRISD4                            00000004
TRISD5                            00000005
TRISD6                            00000006
TRISD7                            00000007
TRISE                             00000089
TRISE0                            00000000
TRISE1                            00000001
TRISE2                            00000002
TRMT                              00000001
TX8_9                             00000006
TX9                               00000006
TX9D                              00000000
TXD8                              00000000
TXEN                              00000005
TXIE                              00000004
TXIF                              00000004
TXREG                             00000019
TXSTA                             00000098
UA                                00000001
gpasm-1.4.0 #1106 (Oct  6 2014) obj\Debug\tim   7-8-2020  23:39:25          PAGE 20


SYMBOL TABLE
  LABEL                             VALUE 

W                                 00000000
WCOL                              00000007
WR                                00000001
WREN                              00000002
WRERR                             00000003
WSAVE                             00000000
Z                                 00000002
_00114_DS_                        00000024
_ADCON0                           00000000
_ADCON0bits                       00000000
_ADCON1                           00000000
_ADCON1bits                       00000000
_ADRESH                           00000000
_ADRESL                           00000000
_BODEN_OFF                        00003FBF
_BODEN_ON                         00003FFF
_BOREN_OFF                        00003FBF
_BOREN_ON                         00003FFF
_CCP1CON                          00000000
_CCP1CONbits                      00000000
_CCP2CON                          00000000
_CCP2CONbits                      00000000
_CCPR1                            00000000
_CCPR1H                           00000000
_CCPR1L                           00000000
_CCPR2                            00000000
_CCPR2H                           00000000
_CCPR2L                           00000000
_CMCON                            00000000
_CMCONbits                        00000000
_CNT_Init                         00000000
_CNT_Setcount                     00000000
_CNT_Update                       00000000
_CONFIG                           00002007
_CPD_OFF                          00003FFF
_CPD_ON                           00003EFF
_CP_ALL                           00001FFF
_CP_OFF                           00003FFF
_CP_ON                            00001FFF
_CVRCON                           00000000
_CVRCONbits                       00000000
_DEBUG_OFF                        00003FFF
_DEBUG_ON                         000037FF
_DEVID1                           00002006
_EEADR                            00000000
_EEADRH                           00000000
_EECON1                           00000000
_EECON1bits                       00000000
_EECON2                           00000000
_EEDATA                           00000000
_EEDATH                           00000000
_FOSC_EXTRC                       00003FFF
_FOSC_HS                          00003FFE
gpasm-1.4.0 #1106 (Oct  6 2014) obj\Debug\tim   7-8-2020  23:39:25          PAGE 21


SYMBOL TABLE
  LABEL                             VALUE 

_FOSC_LP                          00003FFC
_FOSC_XT                          00003FFD
_FSR                              00000000
_HS_OSC                           00003FFE
_IDLOC0                           00002000
_IDLOC1                           00002001
_IDLOC2                           00002002
_IDLOC3                           00002003
_INDF                             00000000
_INTCON                           00000000
_INTCONbits                       00000000
_LP_OSC                           00003FFC
_LVP_OFF                          00003F7F
_LVP_ON                           00003FFF
_OPTION_REG                       00000000
_OPTION_REGbits                   00000000
_PB_GetState                      00000000
_PB_Init                          00000000
_PB_Update                        00000000
_PCL                              00000000
_PCLATH                           00000000
_PCON                             00000000
_PCONbits                         00000000
_PIE1                             00000000
_PIE1bits                         00000000
_PIE2                             00000000
_PIE2bits                         00000000
_PIR1                             00000000
_PIR1bits                         00000000
_PIR2                             00000000
_PIR2bits                         00000000
_PORTA                            00000000
_PORTAbits                        00000000
_PORTB                            00000000
_PORTBbits                        00000000
_PORTC                            00000000
_PORTCbits                        00000000
_PORTD                            00000000
_PORTDbits                        00000000
_PORTE                            00000000
_PORTEbits                        00000000
_PR2                              00000000
_PWRTE_OFF                        00003FFF
_PWRTE_ON                         00003FF7
_RCREG                            00000000
_RCSTA                            00000000
_RCSTAbits                        00000000
_RC_OSC                           00003FFF
_SPBRG                            00000000
_SSD_Init                         00000000
_SSD_SetState                     00000000
_SSD_SetSymbol                    00000000
_SSD_Update                       00000000
gpasm-1.4.0 #1106 (Oct  6 2014) obj\Debug\tim   7-8-2020  23:39:25          PAGE 22


SYMBOL TABLE
  LABEL                             VALUE 

_SSPADD                           00000000
_SSPBUF                           00000000
_SSPCON                           00000000
_SSPCON2                          00000000
_SSPCON2bits                      00000000
_SSPCONbits                       00000000
_SSPSTAT                          00000000
_SSPSTATbits                      00000000
_STATUS                           00000000
_STATUSbits                       00000000
_T1CON                            00000000
_T1CONbits                        00000000
_T2CON                            00000000
_T2CONbits                        00000000
_TMR0                             00000000
_TMR0_Init                        00000009
_TMR0_Start                       00000000
_TMR0_Update                      00000004
_TMR0_Update_counter_1_19         00000000
_TMR1                             00000000
_TMR1H                            00000000
_TMR1L                            00000000
_TMR2                             00000000
_TRISA                            00000000
_TRISAbits                        00000000
_TRISB                            00000000
_TRISBbits                        00000000
_TRISC                            00000000
_TRISCbits                        00000000
_TRISD                            00000000
_TRISDbits                        00000000
_TRISE                            00000000
_TRISEbits                        00000000
_TXREG                            00000000
_TXSTA                            00000000
_TXSTAbits                        00000000
_WDTE_OFF                         00003FFB
_WDTE_ON                          00003FFF
_WDT_OFF                          00003FFB
_WDT_ON                           00003FFF
_WRT_1FOURTH                      00003BFF
_WRT_256                          00003DFF
_WRT_HALF                         000039FF
_WRT_OFF                          00003FFF
_XT_OSC                           00003FFD
__16F877A                         00000001
__CODE_END                        00001FFF
__CODE_START                      00000000
__COMMON_RAM_END                  0000007F
__COMMON_RAM_START                00000070
__EEPROM_END                      000021FF
__EEPROM_START                    00002100
__VECTOR_INT                      00000004
gpasm-1.4.0 #1106 (Oct  6 2014) obj\Debug\tim   7-8-2020  23:39:25          PAGE 23


SYMBOL TABLE
  LABEL                             VALUE 

__VECTOR_RESET                    00000000
___sdcc_saved_fsr                 00000000
__sdcc_interrupt                  00000004
_c_interrupt_001A                 0000001A
_c_interrupt_001F                 0000001F
_c_interrupt_0027                 00000027

Errors   :     0
Warnings :     0 reported,     0 suppressed
Messages :     0 reported,     0 suppressed

